02:00:39.843 --- [main] INFO  o.s.b.t.c.SpringBootTestContextBootstrapper - [buildDefaultMergedContextConfiguration,308] - Neither @ContextConfiguration nor @ContextHierarchy found for test class [com.gzw.rit.service.Impl.PermissionServiceImplTests], using SpringBootContextLoader
02:00:39.861 --- [main] INFO  o.s.t.c.s.AbstractContextLoader - [generateDefaultLocations,264] - Could not detect default resource locations for test class [com.gzw.rit.service.Impl.PermissionServiceImplTests]: no resource found for suffixes {-context.xml, Context.groovy}.
02:00:39.861 --- [main] INFO  o.s.t.c.s.AnnotationConfigContextLoaderUtils - [detectDefaultConfigurationClasses,83] - Could not detect default configuration classes for test class [com.gzw.rit.service.Impl.PermissionServiceImplTests]: PermissionServiceImplTests does not declare any static, non-private, non-final, nested classes annotated with @Configuration.
02:00:40.047 --- [main] INFO  o.s.b.t.c.SpringBootTestContextBootstrapper - [getOrFindConfigurationClasses,237] - Found @SpringBootConfiguration com.gzw.RitApplication for test class com.gzw.rit.service.Impl.PermissionServiceImplTests
02:00:40.188 --- [main] INFO  o.s.b.t.c.SpringBootTestContextBootstrapper - [getDefaultTestExecutionListenerClassNames,248] - Loaded default TestExecutionListener class names from location [META-INF/spring.factories]: [org.springframework.boot.test.mock.mockito.MockitoTestExecutionListener, org.springframework.boot.test.mock.mockito.ResetMocksTestExecutionListener, org.springframework.boot.test.autoconfigure.restdocs.RestDocsTestExecutionListener, org.springframework.boot.test.autoconfigure.web.client.MockRestServiceServerResetTestExecutionListener, org.springframework.boot.test.autoconfigure.web.servlet.MockMvcPrintOnlyOnFailureTestExecutionListener, org.springframework.boot.test.autoconfigure.web.servlet.WebDriverTestExecutionListener, org.springframework.boot.test.autoconfigure.webservices.client.MockWebServiceServerTestExecutionListener, org.springframework.test.context.web.ServletTestExecutionListener, org.springframework.test.context.support.DirtiesContextBeforeModesTestExecutionListener, org.springframework.test.context.support.DependencyInjectionTestExecutionListener, org.springframework.test.context.support.DirtiesContextTestExecutionListener, org.springframework.test.context.transaction.TransactionalTestExecutionListener, org.springframework.test.context.jdbc.SqlScriptsTestExecutionListener, org.springframework.test.context.event.EventPublishingTestExecutionListener]
02:00:40.204 --- [main] INFO  o.s.b.t.c.SpringBootTestContextBootstrapper - [getTestExecutionListeners,177] - Using TestExecutionListeners: [org.springframework.test.context.web.ServletTestExecutionListener@5f9edf14, org.springframework.test.context.support.DirtiesContextBeforeModesTestExecutionListener@68746f22, org.springframework.boot.test.mock.mockito.MockitoTestExecutionListener@2f01783a, org.springframework.boot.test.autoconfigure.SpringBootDependencyInjectionTestExecutionListener@68878f6d, org.springframework.test.context.support.DirtiesContextTestExecutionListener@41488b16, org.springframework.test.context.transaction.TransactionalTestExecutionListener@a8ef162, org.springframework.test.context.jdbc.SqlScriptsTestExecutionListener@2eea88a1, org.springframework.test.context.event.EventPublishingTestExecutionListener@7ac296f6, org.springframework.boot.test.mock.mockito.ResetMocksTestExecutionListener@7fd7a283, org.springframework.boot.test.autoconfigure.restdocs.RestDocsTestExecutionListener@22f59fa, org.springframework.boot.test.autoconfigure.web.client.MockRestServiceServerResetTestExecutionListener@78fa769e, org.springframework.boot.test.autoconfigure.web.servlet.MockMvcPrintOnlyOnFailureTestExecutionListener@16612a51, org.springframework.boot.test.autoconfigure.web.servlet.WebDriverTestExecutionListener@54e041a4, org.springframework.boot.test.autoconfigure.webservices.client.MockWebServiceServerTestExecutionListener@2c78324b]
02:00:40.611 --- [main] INFO  c.g.r.s.I.PermissionServiceImplTests - [logStarting,55] - Starting PermissionServiceImplTests on LAPTOP-MKA6NPBB with PID 2032 (started by 16271 in D:\AB-Pool-EN-Code-NA\AA-Area-EN-Java-NA\AB-Multi-EN-MyProject-YA\ResourceIntegrationTemplate)
02:00:40.643 --- [main] INFO  c.g.r.s.I.PermissionServiceImplTests - [logStartupProfileInfo,655] - The following profiles are active: dev
02:00:41.803 --- [main] INFO  o.s.d.r.c.RepositoryConfigurationDelegate - [multipleStoresDetected,249] - Multiple Spring Data modules found, entering strict repository configuration mode!
02:00:41.803 --- [main] INFO  o.s.d.r.c.RepositoryConfigurationDelegate - [registerRepositoriesIn,127] - Bootstrapping Spring Data Redis repositories in DEFAULT mode.
02:00:41.850 --- [main] INFO  o.s.d.r.c.RepositoryConfigurationDelegate - [registerRepositoriesIn,187] - Finished Spring Data repository scanning in 32ms. Found 0 Redis repository interfaces.
02:00:42.321 --- [main] INFO  o.s.c.s.PostProcessorRegistrationDelegate$BeanPostProcessorChecker - [postProcessAfterInitialization,335] - Bean 'redisConfig' of type [com.gzw.rit.config.redis.RedisConfig$$EnhancerBySpringCGLIB$$77fa8bbf] is not eligible for getting processed by all BeanPostProcessors (for example: not eligible for auto-proxying)
02:00:42.562 --- [main] INFO  o.s.c.s.PostProcessorRegistrationDelegate$BeanPostProcessorChecker - [postProcessAfterInitialization,335] - Bean 'org.springframework.security.access.expression.method.DefaultMethodSecurityExpressionHandler@48eb001a' of type [org.springframework.security.access.expression.method.DefaultMethodSecurityExpressionHandler] is not eligible for getting processed by all BeanPostProcessors (for example: not eligible for auto-proxying)
02:00:42.578 --- [main] INFO  o.s.c.s.PostProcessorRegistrationDelegate$BeanPostProcessorChecker - [postProcessAfterInitialization,335] - Bean 'methodSecurityMetadataSource' of type [org.springframework.security.access.method.DelegatingMethodSecurityMetadataSource] is not eligible for getting processed by all BeanPostProcessors (for example: not eligible for auto-proxying)
02:00:46.404 --- [main] INFO  o.s.s.w.DefaultSecurityFilterChain - [<init>,43] - Creating filter chain: Ant [pattern='/*/**'], []
02:00:47.189 --- [main] INFO  o.s.s.w.DefaultSecurityFilterChain - [<init>,43] - Creating filter chain: any request, [org.springframework.security.web.context.request.async.WebAsyncManagerIntegrationFilter@1c7f6e96, org.springframework.security.web.context.SecurityContextPersistenceFilter@38089dae, org.springframework.security.web.header.HeaderWriterFilter@b3857e2, org.springframework.security.web.authentication.logout.LogoutFilter@5280688, com.gzw.rit.common.filter.TokenLoginFilter@30ec211a, com.gzw.rit.common.filter.TokenAuthenticationFilter@1ac0cdb0, org.springframework.security.web.authentication.www.BasicAuthenticationFilter@ba4f370, org.springframework.security.web.savedrequest.RequestCacheAwareFilter@5dfd31f4, org.springframework.security.web.servletapi.SecurityContextHolderAwareRequestFilter@25ae1f80, org.springframework.security.web.authentication.AnonymousAuthenticationFilter@6684f7f2, org.springframework.security.web.session.SessionManagementFilter@37d0d373, org.springframework.security.web.access.ExceptionTranslationFilter@743bb39a, org.springframework.security.web.access.intercept.FilterSecurityInterceptor@22b7ef2b]
02:00:47.251 --- [main] INFO  s.d.s.w.PropertySourcedRequestMappingHandlerMapping - [initHandlerMethods,69] - Mapped URL path [/v2/api-docs] onto method [springfox.documentation.swagger2.web.Swagger2Controller#getDocumentation(String, HttpServletRequest)]
02:00:47.619 --- [main] INFO  o.s.s.c.ThreadPoolTaskExecutor - [initialize,181] - Initializing ExecutorService 'applicationTaskExecutor'
02:00:47.713 --- [main] INFO  o.s.b.a.w.s.WelcomePageHandlerMapping - [<init>,58] - Adding welcome page template: index
02:00:48.278 --- [main] INFO  s.d.s.w.p.DocumentationPluginsBootstrapper - [start,160] - Context refreshed
02:00:48.309 --- [main] INFO  s.d.s.w.p.DocumentationPluginsBootstrapper - [start,163] - Found 1 custom documentation plugin(s)
02:00:48.356 --- [main] INFO  s.d.s.w.s.ApiListingReferenceScanner - [scan,41] - Scanning for api listing references
02:00:48.560 --- [main] INFO  s.d.s.w.r.o.CachingOperationNameGenerator - [startingWith,40] - Generating unique operation named: removeUsingDELETE_1
02:00:48.560 --- [main] INFO  s.d.s.w.r.o.CachingOperationNameGenerator - [startingWith,40] - Generating unique operation named: saveUsingPOST_1
02:00:48.577 --- [main] INFO  s.d.s.w.r.o.CachingOperationNameGenerator - [startingWith,40] - Generating unique operation named: updateByIdUsingPUT_1
02:00:48.577 --- [main] INFO  s.d.s.w.r.o.CachingOperationNameGenerator - [startingWith,40] - Generating unique operation named: batchRemoveUsingDELETE_1
02:00:48.577 --- [main] INFO  s.d.s.w.r.o.CachingOperationNameGenerator - [startingWith,40] - Generating unique operation named: doAssignUsingPOST_1
02:00:48.591 --- [main] INFO  s.d.s.w.r.o.CachingOperationNameGenerator - [startingWith,40] - Generating unique operation named: indexUsingGET_1
02:00:48.591 --- [main] INFO  s.d.s.w.r.o.CachingOperationNameGenerator - [startingWith,40] - Generating unique operation named: removeUsingDELETE_2
02:00:48.591 --- [main] INFO  s.d.s.w.r.o.CachingOperationNameGenerator - [startingWith,40] - Generating unique operation named: saveUsingPOST_2
02:00:48.591 --- [main] INFO  s.d.s.w.r.o.CachingOperationNameGenerator - [startingWith,40] - Generating unique operation named: toAssignUsingGET_1
02:00:48.591 --- [main] INFO  s.d.s.w.r.o.CachingOperationNameGenerator - [startingWith,40] - Generating unique operation named: updateByIdUsingPUT_2
02:00:48.622 --- [main] INFO  c.g.r.s.I.PermissionServiceImplTests - [logStarted,61] - Started PermissionServiceImplTests in 8.355 seconds (JVM running for 9.884)
02:00:50.300 --- [main] INFO  c.a.d.p.DruidDataSource - [init,1003] - {dataSource-1} inited
02:00:50.552 --- [SpringContextShutdownHook] INFO  o.s.s.c.ThreadPoolTaskExecutor - [shutdown,218] - Shutting down ExecutorService 'applicationTaskExecutor'
02:00:50.584 --- [SpringContextShutdownHook] INFO  c.a.d.p.DruidDataSource - [close,1948] - {dataSource-1} closing ...
02:00:50.584 --- [SpringContextShutdownHook] INFO  c.a.d.p.DruidDataSource - [close,2020] - {dataSource-1} closed
02:31:30.247 --- [main] INFO  o.s.b.t.c.SpringBootTestContextBootstrapper - [buildDefaultMergedContextConfiguration,308] - Neither @ContextConfiguration nor @ContextHierarchy found for test class [com.gzw.rit.service.Impl.PermissionServiceImplTests], using SpringBootContextLoader
02:31:30.263 --- [main] INFO  o.s.t.c.s.AbstractContextLoader - [generateDefaultLocations,264] - Could not detect default resource locations for test class [com.gzw.rit.service.Impl.PermissionServiceImplTests]: no resource found for suffixes {-context.xml, Context.groovy}.
02:31:30.263 --- [main] INFO  o.s.t.c.s.AnnotationConfigContextLoaderUtils - [detectDefaultConfigurationClasses,83] - Could not detect default configuration classes for test class [com.gzw.rit.service.Impl.PermissionServiceImplTests]: PermissionServiceImplTests does not declare any static, non-private, non-final, nested classes annotated with @Configuration.
02:31:30.420 --- [main] INFO  o.s.b.t.c.SpringBootTestContextBootstrapper - [getOrFindConfigurationClasses,237] - Found @SpringBootConfiguration com.gzw.RitApplication for test class com.gzw.rit.service.Impl.PermissionServiceImplTests
02:31:30.530 --- [main] INFO  o.s.b.t.c.SpringBootTestContextBootstrapper - [getDefaultTestExecutionListenerClassNames,248] - Loaded default TestExecutionListener class names from location [META-INF/spring.factories]: [org.springframework.boot.test.mock.mockito.MockitoTestExecutionListener, org.springframework.boot.test.mock.mockito.ResetMocksTestExecutionListener, org.springframework.boot.test.autoconfigure.restdocs.RestDocsTestExecutionListener, org.springframework.boot.test.autoconfigure.web.client.MockRestServiceServerResetTestExecutionListener, org.springframework.boot.test.autoconfigure.web.servlet.MockMvcPrintOnlyOnFailureTestExecutionListener, org.springframework.boot.test.autoconfigure.web.servlet.WebDriverTestExecutionListener, org.springframework.boot.test.autoconfigure.webservices.client.MockWebServiceServerTestExecutionListener, org.springframework.test.context.web.ServletTestExecutionListener, org.springframework.test.context.support.DirtiesContextBeforeModesTestExecutionListener, org.springframework.test.context.support.DependencyInjectionTestExecutionListener, org.springframework.test.context.support.DirtiesContextTestExecutionListener, org.springframework.test.context.transaction.TransactionalTestExecutionListener, org.springframework.test.context.jdbc.SqlScriptsTestExecutionListener, org.springframework.test.context.event.EventPublishingTestExecutionListener]
02:31:30.545 --- [main] INFO  o.s.b.t.c.SpringBootTestContextBootstrapper - [getTestExecutionListeners,177] - Using TestExecutionListeners: [org.springframework.test.context.web.ServletTestExecutionListener@4b8729ff, org.springframework.test.context.support.DirtiesContextBeforeModesTestExecutionListener@61710c6, org.springframework.boot.test.mock.mockito.MockitoTestExecutionListener@3214ee6, org.springframework.boot.test.autoconfigure.SpringBootDependencyInjectionTestExecutionListener@383dc82c, org.springframework.test.context.support.DirtiesContextTestExecutionListener@4a07d605, org.springframework.test.context.transaction.TransactionalTestExecutionListener@74287ea3, org.springframework.test.context.jdbc.SqlScriptsTestExecutionListener@7d7758be, org.springframework.test.context.event.EventPublishingTestExecutionListener@2bdd8394, org.springframework.boot.test.mock.mockito.ResetMocksTestExecutionListener@5f9edf14, org.springframework.boot.test.autoconfigure.restdocs.RestDocsTestExecutionListener@68746f22, org.springframework.boot.test.autoconfigure.web.client.MockRestServiceServerResetTestExecutionListener@2f01783a, org.springframework.boot.test.autoconfigure.web.servlet.MockMvcPrintOnlyOnFailureTestExecutionListener@68878f6d, org.springframework.boot.test.autoconfigure.web.servlet.WebDriverTestExecutionListener@41488b16, org.springframework.boot.test.autoconfigure.webservices.client.MockWebServiceServerTestExecutionListener@a8ef162]
02:31:30.976 --- [main] INFO  c.g.r.s.I.PermissionServiceImplTests - [logStarting,55] - Starting PermissionServiceImplTests on LAPTOP-MKA6NPBB with PID 2248 (started by 16271 in D:\AB-Pool-EN-Code-NA\AA-Area-EN-Java-NA\AB-Multi-EN-MyProject-YA\ResourceIntegrationTemplate)
02:31:30.976 --- [main] INFO  c.g.r.s.I.PermissionServiceImplTests - [logStartupProfileInfo,655] - The following profiles are active: dev
02:31:32.115 --- [main] INFO  o.s.d.r.c.RepositoryConfigurationDelegate - [multipleStoresDetected,249] - Multiple Spring Data modules found, entering strict repository configuration mode!
02:31:32.121 --- [main] INFO  o.s.d.r.c.RepositoryConfigurationDelegate - [registerRepositoriesIn,127] - Bootstrapping Spring Data Redis repositories in DEFAULT mode.
02:31:32.168 --- [main] INFO  o.s.d.r.c.RepositoryConfigurationDelegate - [registerRepositoriesIn,187] - Finished Spring Data repository scanning in 33ms. Found 0 Redis repository interfaces.
02:31:32.576 --- [main] INFO  o.s.c.s.PostProcessorRegistrationDelegate$BeanPostProcessorChecker - [postProcessAfterInitialization,335] - Bean 'redisConfig' of type [com.gzw.rit.config.redis.RedisConfig$$EnhancerBySpringCGLIB$$69380941] is not eligible for getting processed by all BeanPostProcessors (for example: not eligible for auto-proxying)
02:31:32.780 --- [main] INFO  o.s.c.s.PostProcessorRegistrationDelegate$BeanPostProcessorChecker - [postProcessAfterInitialization,335] - Bean 'org.springframework.security.access.expression.method.DefaultMethodSecurityExpressionHandler@71f1cc02' of type [org.springframework.security.access.expression.method.DefaultMethodSecurityExpressionHandler] is not eligible for getting processed by all BeanPostProcessors (for example: not eligible for auto-proxying)
02:31:32.795 --- [main] INFO  o.s.c.s.PostProcessorRegistrationDelegate$BeanPostProcessorChecker - [postProcessAfterInitialization,335] - Bean 'methodSecurityMetadataSource' of type [org.springframework.security.access.method.DelegatingMethodSecurityMetadataSource] is not eligible for getting processed by all BeanPostProcessors (for example: not eligible for auto-proxying)
02:31:36.299 --- [main] INFO  o.s.s.w.DefaultSecurityFilterChain - [<init>,43] - Creating filter chain: Ant [pattern='/*/**'], []
02:31:37.084 --- [main] INFO  o.s.s.w.DefaultSecurityFilterChain - [<init>,43] - Creating filter chain: any request, [org.springframework.security.web.context.request.async.WebAsyncManagerIntegrationFilter@22b7ef2b, org.springframework.security.web.context.SecurityContextPersistenceFilter@44ccd75c, org.springframework.security.web.header.HeaderWriterFilter@7afe0e67, org.springframework.security.web.authentication.logout.LogoutFilter@25ae1f80, com.gzw.rit.common.filter.TokenLoginFilter@6d421fe, com.gzw.rit.common.filter.TokenAuthenticationFilter@3c17bd0b, org.springframework.security.web.authentication.www.BasicAuthenticationFilter@7babed9e, org.springframework.security.web.savedrequest.RequestCacheAwareFilter@2120bed, org.springframework.security.web.servletapi.SecurityContextHolderAwareRequestFilter@fe42a09, org.springframework.security.web.authentication.AnonymousAuthenticationFilter@36dafa24, org.springframework.security.web.session.SessionManagementFilter@31228d83, org.springframework.security.web.access.ExceptionTranslationFilter@2c8ff67, org.springframework.security.web.access.intercept.FilterSecurityInterceptor@1934339]
02:31:37.147 --- [main] INFO  s.d.s.w.PropertySourcedRequestMappingHandlerMapping - [initHandlerMethods,69] - Mapped URL path [/v2/api-docs] onto method [springfox.documentation.swagger2.web.Swagger2Controller#getDocumentation(String, HttpServletRequest)]
02:31:37.475 --- [main] INFO  o.s.s.c.ThreadPoolTaskExecutor - [initialize,181] - Initializing ExecutorService 'applicationTaskExecutor'
02:31:37.538 --- [main] INFO  o.s.b.a.w.s.WelcomePageHandlerMapping - [<init>,58] - Adding welcome page template: index
02:31:38.040 --- [main] INFO  s.d.s.w.p.DocumentationPluginsBootstrapper - [start,160] - Context refreshed
02:31:38.056 --- [main] INFO  s.d.s.w.p.DocumentationPluginsBootstrapper - [start,163] - Found 1 custom documentation plugin(s)
02:31:38.103 --- [main] INFO  s.d.s.w.s.ApiListingReferenceScanner - [scan,41] - Scanning for api listing references
02:31:38.338 --- [main] INFO  s.d.s.w.r.o.CachingOperationNameGenerator - [startingWith,40] - Generating unique operation named: removeUsingDELETE_1
02:31:38.354 --- [main] INFO  s.d.s.w.r.o.CachingOperationNameGenerator - [startingWith,40] - Generating unique operation named: saveUsingPOST_1
02:31:38.354 --- [main] INFO  s.d.s.w.r.o.CachingOperationNameGenerator - [startingWith,40] - Generating unique operation named: updateByIdUsingPUT_1
02:31:38.354 --- [main] INFO  s.d.s.w.r.o.CachingOperationNameGenerator - [startingWith,40] - Generating unique operation named: batchRemoveUsingDELETE_1
02:31:38.354 --- [main] INFO  s.d.s.w.r.o.CachingOperationNameGenerator - [startingWith,40] - Generating unique operation named: doAssignUsingPOST_1
02:31:38.370 --- [main] INFO  s.d.s.w.r.o.CachingOperationNameGenerator - [startingWith,40] - Generating unique operation named: indexUsingGET_1
02:31:38.370 --- [main] INFO  s.d.s.w.r.o.CachingOperationNameGenerator - [startingWith,40] - Generating unique operation named: removeUsingDELETE_2
02:31:38.370 --- [main] INFO  s.d.s.w.r.o.CachingOperationNameGenerator - [startingWith,40] - Generating unique operation named: saveUsingPOST_2
02:31:38.370 --- [main] INFO  s.d.s.w.r.o.CachingOperationNameGenerator - [startingWith,40] - Generating unique operation named: toAssignUsingGET_1
02:31:38.385 --- [main] INFO  s.d.s.w.r.o.CachingOperationNameGenerator - [startingWith,40] - Generating unique operation named: updateByIdUsingPUT_2
02:31:38.401 --- [main] INFO  c.g.r.s.I.PermissionServiceImplTests - [logStarted,61] - Started PermissionServiceImplTests in 7.796 seconds (JVM running for 9.243)
02:31:40.032 --- [main] INFO  c.a.d.p.DruidDataSource - [init,1003] - {dataSource-1} inited
02:31:40.267 --- [SpringContextShutdownHook] INFO  o.s.s.c.ThreadPoolTaskExecutor - [shutdown,218] - Shutting down ExecutorService 'applicationTaskExecutor'
02:31:40.314 --- [SpringContextShutdownHook] INFO  c.a.d.p.DruidDataSource - [close,1948] - {dataSource-1} closing ...
02:31:40.314 --- [SpringContextShutdownHook] INFO  c.a.d.p.DruidDataSource - [close,2020] - {dataSource-1} closed
15:41:53.439 --- [main] INFO  o.s.b.t.c.SpringBootTestContextBootstrapper - [buildDefaultMergedContextConfiguration,308] - Neither @ContextConfiguration nor @ContextHierarchy found for test class [com.gzw.rit.service.Impl.IndexServiceImplTests], using SpringBootContextLoader
15:41:53.450 --- [main] INFO  o.s.t.c.s.AbstractContextLoader - [generateDefaultLocations,264] - Could not detect default resource locations for test class [com.gzw.rit.service.Impl.IndexServiceImplTests]: no resource found for suffixes {-context.xml, Context.groovy}.
15:41:53.452 --- [main] INFO  o.s.t.c.s.AnnotationConfigContextLoaderUtils - [detectDefaultConfigurationClasses,83] - Could not detect default configuration classes for test class [com.gzw.rit.service.Impl.IndexServiceImplTests]: IndexServiceImplTests does not declare any static, non-private, non-final, nested classes annotated with @Configuration.
15:41:53.642 --- [main] INFO  o.s.b.t.c.SpringBootTestContextBootstrapper - [getOrFindConfigurationClasses,237] - Found @SpringBootConfiguration com.gzw.RitApplication for test class com.gzw.rit.service.Impl.IndexServiceImplTests
15:41:53.787 --- [main] INFO  o.s.b.t.c.SpringBootTestContextBootstrapper - [getDefaultTestExecutionListenerClassNames,248] - Loaded default TestExecutionListener class names from location [META-INF/spring.factories]: [org.springframework.boot.test.mock.mockito.MockitoTestExecutionListener, org.springframework.boot.test.mock.mockito.ResetMocksTestExecutionListener, org.springframework.boot.test.autoconfigure.restdocs.RestDocsTestExecutionListener, org.springframework.boot.test.autoconfigure.web.client.MockRestServiceServerResetTestExecutionListener, org.springframework.boot.test.autoconfigure.web.servlet.MockMvcPrintOnlyOnFailureTestExecutionListener, org.springframework.boot.test.autoconfigure.web.servlet.WebDriverTestExecutionListener, org.springframework.boot.test.autoconfigure.webservices.client.MockWebServiceServerTestExecutionListener, org.springframework.test.context.web.ServletTestExecutionListener, org.springframework.test.context.support.DirtiesContextBeforeModesTestExecutionListener, org.springframework.test.context.support.DependencyInjectionTestExecutionListener, org.springframework.test.context.support.DirtiesContextTestExecutionListener, org.springframework.test.context.transaction.TransactionalTestExecutionListener, org.springframework.test.context.jdbc.SqlScriptsTestExecutionListener, org.springframework.test.context.event.EventPublishingTestExecutionListener]
15:41:53.810 --- [main] INFO  o.s.b.t.c.SpringBootTestContextBootstrapper - [getTestExecutionListeners,177] - Using TestExecutionListeners: [org.springframework.test.context.web.ServletTestExecutionListener@32115b28, org.springframework.test.context.support.DirtiesContextBeforeModesTestExecutionListener@2ad48653, org.springframework.boot.test.mock.mockito.MockitoTestExecutionListener@6bb4dd34, org.springframework.boot.test.autoconfigure.SpringBootDependencyInjectionTestExecutionListener@7d9f158f, org.springframework.test.context.support.DirtiesContextTestExecutionListener@45efd90f, org.springframework.test.context.transaction.TransactionalTestExecutionListener@4b8729ff, org.springframework.test.context.jdbc.SqlScriptsTestExecutionListener@61710c6, org.springframework.test.context.event.EventPublishingTestExecutionListener@3214ee6, org.springframework.boot.test.mock.mockito.ResetMocksTestExecutionListener@383dc82c, org.springframework.boot.test.autoconfigure.restdocs.RestDocsTestExecutionListener@4a07d605, org.springframework.boot.test.autoconfigure.web.client.MockRestServiceServerResetTestExecutionListener@74287ea3, org.springframework.boot.test.autoconfigure.web.servlet.MockMvcPrintOnlyOnFailureTestExecutionListener@7d7758be, org.springframework.boot.test.autoconfigure.web.servlet.WebDriverTestExecutionListener@2bdd8394, org.springframework.boot.test.autoconfigure.webservices.client.MockWebServiceServerTestExecutionListener@5f9edf14]
15:41:54.275 --- [main] INFO  c.g.r.s.I.IndexServiceImplTests - [logStarting,55] - Starting IndexServiceImplTests on LAPTOP-MKA6NPBB with PID 7580 (started by 16271 in D:\AB-Pool-EN-Code-NA\AA-Area-EN-Java-NA\AB-Multi-EN-MyProject-YA\ResourceIntegrationTemplate)
15:41:54.277 --- [main] INFO  c.g.r.s.I.IndexServiceImplTests - [logStartupProfileInfo,655] - The following profiles are active: dev
15:41:55.546 --- [main] INFO  o.s.d.r.c.RepositoryConfigurationDelegate - [multipleStoresDetected,249] - Multiple Spring Data modules found, entering strict repository configuration mode!
15:41:55.551 --- [main] INFO  o.s.d.r.c.RepositoryConfigurationDelegate - [registerRepositoriesIn,127] - Bootstrapping Spring Data Redis repositories in DEFAULT mode.
15:41:55.612 --- [main] INFO  o.s.d.r.c.RepositoryConfigurationDelegate - [registerRepositoriesIn,187] - Finished Spring Data repository scanning in 36ms. Found 0 Redis repository interfaces.
15:41:56.093 --- [main] INFO  o.s.c.s.PostProcessorRegistrationDelegate$BeanPostProcessorChecker - [postProcessAfterInitialization,335] - Bean 'redisConfig' of type [com.gzw.rit.config.redis.RedisConfig$$EnhancerBySpringCGLIB$$ac75288c] is not eligible for getting processed by all BeanPostProcessors (for example: not eligible for auto-proxying)
15:41:56.352 --- [main] INFO  o.s.c.s.PostProcessorRegistrationDelegate$BeanPostProcessorChecker - [postProcessAfterInitialization,335] - Bean 'org.springframework.security.access.expression.method.DefaultMethodSecurityExpressionHandler@5f14761c' of type [org.springframework.security.access.expression.method.DefaultMethodSecurityExpressionHandler] is not eligible for getting processed by all BeanPostProcessors (for example: not eligible for auto-proxying)
15:41:56.368 --- [main] INFO  o.s.c.s.PostProcessorRegistrationDelegate$BeanPostProcessorChecker - [postProcessAfterInitialization,335] - Bean 'methodSecurityMetadataSource' of type [org.springframework.security.access.method.DelegatingMethodSecurityMetadataSource] is not eligible for getting processed by all BeanPostProcessors (for example: not eligible for auto-proxying)
15:42:00.417 --- [main] INFO  o.s.s.w.DefaultSecurityFilterChain - [<init>,43] - Creating filter chain: Ant [pattern='/*/**'], []
15:42:01.313 --- [main] INFO  o.s.s.w.DefaultSecurityFilterChain - [<init>,43] - Creating filter chain: any request, [org.springframework.security.web.context.request.async.WebAsyncManagerIntegrationFilter@2353354a, org.springframework.security.web.context.SecurityContextPersistenceFilter@743bb39a, org.springframework.security.web.header.HeaderWriterFilter@28bf82d9, org.springframework.security.web.authentication.logout.LogoutFilter@305552d6, com.gzw.rit.common.filter.TokenLoginFilter@7c7ed72a, com.gzw.rit.common.filter.TokenAuthenticationFilter@22b7ef2b, org.springframework.security.web.authentication.www.BasicAuthenticationFilter@68d6f48e, org.springframework.security.web.savedrequest.RequestCacheAwareFilter@3f3c8b60, org.springframework.security.web.servletapi.SecurityContextHolderAwareRequestFilter@25a290ee, org.springframework.security.web.authentication.AnonymousAuthenticationFilter@6d421fe, org.springframework.security.web.session.SessionManagementFilter@61a704d3, org.springframework.security.web.access.ExceptionTranslationFilter@21be14c2, org.springframework.security.web.access.intercept.FilterSecurityInterceptor@6987a133]
15:42:01.390 --- [main] INFO  s.d.s.w.PropertySourcedRequestMappingHandlerMapping - [initHandlerMethods,69] - Mapped URL path [/v2/api-docs] onto method [springfox.documentation.swagger2.web.Swagger2Controller#getDocumentation(String, HttpServletRequest)]
15:42:01.778 --- [main] INFO  o.s.s.c.ThreadPoolTaskExecutor - [initialize,181] - Initializing ExecutorService 'applicationTaskExecutor'
15:42:01.864 --- [main] INFO  o.s.b.a.w.s.WelcomePageHandlerMapping - [<init>,58] - Adding welcome page template: index
15:42:02.439 --- [main] INFO  s.d.s.w.p.DocumentationPluginsBootstrapper - [start,160] - Context refreshed
15:42:02.473 --- [main] INFO  s.d.s.w.p.DocumentationPluginsBootstrapper - [start,163] - Found 1 custom documentation plugin(s)
15:42:02.511 --- [main] INFO  s.d.s.w.s.ApiListingReferenceScanner - [scan,41] - Scanning for api listing references
15:42:02.736 --- [main] INFO  s.d.s.w.r.o.CachingOperationNameGenerator - [startingWith,40] - Generating unique operation named: removeUsingDELETE_1
15:42:02.740 --- [main] INFO  s.d.s.w.r.o.CachingOperationNameGenerator - [startingWith,40] - Generating unique operation named: saveUsingPOST_1
15:42:02.743 --- [main] INFO  s.d.s.w.r.o.CachingOperationNameGenerator - [startingWith,40] - Generating unique operation named: updateByIdUsingPUT_1
15:42:02.749 --- [main] INFO  s.d.s.w.r.o.CachingOperationNameGenerator - [startingWith,40] - Generating unique operation named: batchRemoveUsingDELETE_1
15:42:02.754 --- [main] INFO  s.d.s.w.r.o.CachingOperationNameGenerator - [startingWith,40] - Generating unique operation named: doAssignUsingPOST_1
15:42:02.760 --- [main] INFO  s.d.s.w.r.o.CachingOperationNameGenerator - [startingWith,40] - Generating unique operation named: indexUsingGET_1
15:42:02.763 --- [main] INFO  s.d.s.w.r.o.CachingOperationNameGenerator - [startingWith,40] - Generating unique operation named: removeUsingDELETE_2
15:42:02.769 --- [main] INFO  s.d.s.w.r.o.CachingOperationNameGenerator - [startingWith,40] - Generating unique operation named: saveUsingPOST_2
15:42:02.771 --- [main] INFO  s.d.s.w.r.o.CachingOperationNameGenerator - [startingWith,40] - Generating unique operation named: toAssignUsingGET_1
15:42:02.773 --- [main] INFO  s.d.s.w.r.o.CachingOperationNameGenerator - [startingWith,40] - Generating unique operation named: updateByIdUsingPUT_2
15:42:02.803 --- [main] INFO  c.g.r.s.I.IndexServiceImplTests - [logStarted,61] - Started IndexServiceImplTests in 8.933 seconds (JVM running for 10.644)
15:42:04.716 --- [main] INFO  c.a.d.p.DruidDataSource - [init,1003] - {dataSource-1} inited
15:42:08.786 --- [SpringContextShutdownHook] INFO  o.s.s.c.ThreadPoolTaskExecutor - [shutdown,218] - Shutting down ExecutorService 'applicationTaskExecutor'
15:42:08.917 --- [SpringContextShutdownHook] INFO  c.a.d.p.DruidDataSource - [close,1948] - {dataSource-1} closing ...
15:42:08.922 --- [SpringContextShutdownHook] INFO  c.a.d.p.DruidDataSource - [close,2020] - {dataSource-1} closed
16:03:17.452 --- [main] INFO  o.s.b.t.c.SpringBootTestContextBootstrapper - [buildDefaultMergedContextConfiguration,308] - Neither @ContextConfiguration nor @ContextHierarchy found for test class [com.gzw.rit.service.Impl.IndexServiceImplTests], using SpringBootContextLoader
16:03:17.465 --- [main] INFO  o.s.t.c.s.AbstractContextLoader - [generateDefaultLocations,264] - Could not detect default resource locations for test class [com.gzw.rit.service.Impl.IndexServiceImplTests]: no resource found for suffixes {-context.xml, Context.groovy}.
16:03:17.467 --- [main] INFO  o.s.t.c.s.AnnotationConfigContextLoaderUtils - [detectDefaultConfigurationClasses,83] - Could not detect default configuration classes for test class [com.gzw.rit.service.Impl.IndexServiceImplTests]: IndexServiceImplTests does not declare any static, non-private, non-final, nested classes annotated with @Configuration.
16:03:17.722 --- [main] INFO  o.s.b.t.c.SpringBootTestContextBootstrapper - [getOrFindConfigurationClasses,237] - Found @SpringBootConfiguration com.gzw.RitApplication for test class com.gzw.rit.service.Impl.IndexServiceImplTests
16:03:17.893 --- [main] INFO  o.s.b.t.c.SpringBootTestContextBootstrapper - [getDefaultTestExecutionListenerClassNames,248] - Loaded default TestExecutionListener class names from location [META-INF/spring.factories]: [org.springframework.boot.test.mock.mockito.MockitoTestExecutionListener, org.springframework.boot.test.mock.mockito.ResetMocksTestExecutionListener, org.springframework.boot.test.autoconfigure.restdocs.RestDocsTestExecutionListener, org.springframework.boot.test.autoconfigure.web.client.MockRestServiceServerResetTestExecutionListener, org.springframework.boot.test.autoconfigure.web.servlet.MockMvcPrintOnlyOnFailureTestExecutionListener, org.springframework.boot.test.autoconfigure.web.servlet.WebDriverTestExecutionListener, org.springframework.boot.test.autoconfigure.webservices.client.MockWebServiceServerTestExecutionListener, org.springframework.test.context.web.ServletTestExecutionListener, org.springframework.test.context.support.DirtiesContextBeforeModesTestExecutionListener, org.springframework.test.context.support.DependencyInjectionTestExecutionListener, org.springframework.test.context.support.DirtiesContextTestExecutionListener, org.springframework.test.context.transaction.TransactionalTestExecutionListener, org.springframework.test.context.jdbc.SqlScriptsTestExecutionListener, org.springframework.test.context.event.EventPublishingTestExecutionListener]
16:03:17.930 --- [main] INFO  o.s.b.t.c.SpringBootTestContextBootstrapper - [getTestExecutionListeners,177] - Using TestExecutionListeners: [org.springframework.test.context.web.ServletTestExecutionListener@5038d0b5, org.springframework.test.context.support.DirtiesContextBeforeModesTestExecutionListener@32115b28, org.springframework.boot.test.mock.mockito.MockitoTestExecutionListener@2ad48653, org.springframework.boot.test.autoconfigure.SpringBootDependencyInjectionTestExecutionListener@6bb4dd34, org.springframework.test.context.support.DirtiesContextTestExecutionListener@7d9f158f, org.springframework.test.context.transaction.TransactionalTestExecutionListener@45efd90f, org.springframework.test.context.jdbc.SqlScriptsTestExecutionListener@4b8729ff, org.springframework.test.context.event.EventPublishingTestExecutionListener@61710c6, org.springframework.boot.test.mock.mockito.ResetMocksTestExecutionListener@3214ee6, org.springframework.boot.test.autoconfigure.restdocs.RestDocsTestExecutionListener@383dc82c, org.springframework.boot.test.autoconfigure.web.client.MockRestServiceServerResetTestExecutionListener@4a07d605, org.springframework.boot.test.autoconfigure.web.servlet.MockMvcPrintOnlyOnFailureTestExecutionListener@74287ea3, org.springframework.boot.test.autoconfigure.web.servlet.WebDriverTestExecutionListener@7d7758be, org.springframework.boot.test.autoconfigure.webservices.client.MockWebServiceServerTestExecutionListener@2bdd8394]
16:03:18.440 --- [main] INFO  c.g.r.s.I.IndexServiceImplTests - [logStarting,55] - Starting IndexServiceImplTests on LAPTOP-MKA6NPBB with PID 10012 (started by 16271 in D:\AB-Pool-EN-Code-NA\AA-Area-EN-Java-NA\AB-Multi-EN-MyProject-YA\ResourceIntegrationTemplate)
16:03:18.441 --- [main] INFO  c.g.r.s.I.IndexServiceImplTests - [logStartupProfileInfo,655] - The following profiles are active: dev
16:03:19.626 --- [main] INFO  o.s.d.r.c.RepositoryConfigurationDelegate - [multipleStoresDetected,249] - Multiple Spring Data modules found, entering strict repository configuration mode!
16:03:19.629 --- [main] INFO  o.s.d.r.c.RepositoryConfigurationDelegate - [registerRepositoriesIn,127] - Bootstrapping Spring Data Redis repositories in DEFAULT mode.
16:03:19.677 --- [main] INFO  o.s.d.r.c.RepositoryConfigurationDelegate - [registerRepositoriesIn,187] - Finished Spring Data repository scanning in 30ms. Found 0 Redis repository interfaces.
16:03:20.108 --- [main] INFO  o.s.c.s.PostProcessorRegistrationDelegate$BeanPostProcessorChecker - [postProcessAfterInitialization,335] - Bean 'redisConfig' of type [com.gzw.rit.config.redis.RedisConfig$$EnhancerBySpringCGLIB$$69380941] is not eligible for getting processed by all BeanPostProcessors (for example: not eligible for auto-proxying)
16:03:20.282 --- [main] INFO  o.s.c.s.PostProcessorRegistrationDelegate$BeanPostProcessorChecker - [postProcessAfterInitialization,335] - Bean 'org.springframework.security.access.expression.method.DefaultMethodSecurityExpressionHandler@67507df' of type [org.springframework.security.access.expression.method.DefaultMethodSecurityExpressionHandler] is not eligible for getting processed by all BeanPostProcessors (for example: not eligible for auto-proxying)
16:03:20.306 --- [main] INFO  o.s.c.s.PostProcessorRegistrationDelegate$BeanPostProcessorChecker - [postProcessAfterInitialization,335] - Bean 'methodSecurityMetadataSource' of type [org.springframework.security.access.method.DelegatingMethodSecurityMetadataSource] is not eligible for getting processed by all BeanPostProcessors (for example: not eligible for auto-proxying)
16:03:23.678 --- [main] INFO  o.s.s.w.DefaultSecurityFilterChain - [<init>,43] - Creating filter chain: Ant [pattern='/*/**'], []
16:03:24.380 --- [main] INFO  o.s.s.w.DefaultSecurityFilterChain - [<init>,43] - Creating filter chain: any request, [org.springframework.security.web.context.request.async.WebAsyncManagerIntegrationFilter@22b7ef2b, org.springframework.security.web.context.SecurityContextPersistenceFilter@44ccd75c, org.springframework.security.web.header.HeaderWriterFilter@7afe0e67, org.springframework.security.web.authentication.logout.LogoutFilter@25ae1f80, com.gzw.rit.common.filter.TokenLoginFilter@6d421fe, com.gzw.rit.common.filter.TokenAuthenticationFilter@3c17bd0b, org.springframework.security.web.authentication.www.BasicAuthenticationFilter@7babed9e, org.springframework.security.web.savedrequest.RequestCacheAwareFilter@2120bed, org.springframework.security.web.servletapi.SecurityContextHolderAwareRequestFilter@fe42a09, org.springframework.security.web.authentication.AnonymousAuthenticationFilter@36dafa24, org.springframework.security.web.session.SessionManagementFilter@31228d83, org.springframework.security.web.access.ExceptionTranslationFilter@2c8ff67, org.springframework.security.web.access.intercept.FilterSecurityInterceptor@1934339]
16:03:24.464 --- [main] INFO  s.d.s.w.PropertySourcedRequestMappingHandlerMapping - [initHandlerMethods,69] - Mapped URL path [/v2/api-docs] onto method [springfox.documentation.swagger2.web.Swagger2Controller#getDocumentation(String, HttpServletRequest)]
16:03:24.815 --- [main] INFO  o.s.s.c.ThreadPoolTaskExecutor - [initialize,181] - Initializing ExecutorService 'applicationTaskExecutor'
16:03:24.886 --- [main] INFO  o.s.b.a.w.s.WelcomePageHandlerMapping - [<init>,58] - Adding welcome page template: index
16:03:25.440 --- [main] INFO  s.d.s.w.p.DocumentationPluginsBootstrapper - [start,160] - Context refreshed
16:03:25.469 --- [main] INFO  s.d.s.w.p.DocumentationPluginsBootstrapper - [start,163] - Found 1 custom documentation plugin(s)
16:03:25.509 --- [main] INFO  s.d.s.w.s.ApiListingReferenceScanner - [scan,41] - Scanning for api listing references
16:03:25.718 --- [main] INFO  s.d.s.w.r.o.CachingOperationNameGenerator - [startingWith,40] - Generating unique operation named: removeUsingDELETE_1
16:03:25.724 --- [main] INFO  s.d.s.w.r.o.CachingOperationNameGenerator - [startingWith,40] - Generating unique operation named: saveUsingPOST_1
16:03:25.726 --- [main] INFO  s.d.s.w.r.o.CachingOperationNameGenerator - [startingWith,40] - Generating unique operation named: updateByIdUsingPUT_1
16:03:25.731 --- [main] INFO  s.d.s.w.r.o.CachingOperationNameGenerator - [startingWith,40] - Generating unique operation named: batchRemoveUsingDELETE_1
16:03:25.734 --- [main] INFO  s.d.s.w.r.o.CachingOperationNameGenerator - [startingWith,40] - Generating unique operation named: doAssignUsingPOST_1
16:03:25.740 --- [main] INFO  s.d.s.w.r.o.CachingOperationNameGenerator - [startingWith,40] - Generating unique operation named: indexUsingGET_1
16:03:25.743 --- [main] INFO  s.d.s.w.r.o.CachingOperationNameGenerator - [startingWith,40] - Generating unique operation named: removeUsingDELETE_2
16:03:25.749 --- [main] INFO  s.d.s.w.r.o.CachingOperationNameGenerator - [startingWith,40] - Generating unique operation named: saveUsingPOST_2
16:03:25.752 --- [main] INFO  s.d.s.w.r.o.CachingOperationNameGenerator - [startingWith,40] - Generating unique operation named: toAssignUsingGET_1
16:03:25.754 --- [main] INFO  s.d.s.w.r.o.CachingOperationNameGenerator - [startingWith,40] - Generating unique operation named: updateByIdUsingPUT_2
16:03:25.777 --- [main] INFO  c.g.r.s.I.IndexServiceImplTests - [logStarted,61] - Started IndexServiceImplTests in 7.772 seconds (JVM running for 9.931)
16:03:27.338 --- [main] INFO  c.a.d.p.DruidDataSource - [init,1003] - {dataSource-1} inited
16:03:28.819 --- [SpringContextShutdownHook] INFO  o.s.s.c.ThreadPoolTaskExecutor - [shutdown,218] - Shutting down ExecutorService 'applicationTaskExecutor'
16:03:28.953 --- [SpringContextShutdownHook] INFO  c.a.d.p.DruidDataSource - [close,1948] - {dataSource-1} closing ...
16:03:28.957 --- [SpringContextShutdownHook] INFO  c.a.d.p.DruidDataSource - [close,2020] - {dataSource-1} closed
16:35:39.021 --- [main] INFO  o.s.b.t.c.SpringBootTestContextBootstrapper - [buildDefaultMergedContextConfiguration,308] - Neither @ContextConfiguration nor @ContextHierarchy found for test class [com.gzw.rit.service.Impl.IndexServiceImplTests], using SpringBootContextLoader
16:35:39.037 --- [main] INFO  o.s.t.c.s.AbstractContextLoader - [generateDefaultLocations,264] - Could not detect default resource locations for test class [com.gzw.rit.service.Impl.IndexServiceImplTests]: no resource found for suffixes {-context.xml, Context.groovy}.
16:35:39.040 --- [main] INFO  o.s.t.c.s.AnnotationConfigContextLoaderUtils - [detectDefaultConfigurationClasses,83] - Could not detect default configuration classes for test class [com.gzw.rit.service.Impl.IndexServiceImplTests]: IndexServiceImplTests does not declare any static, non-private, non-final, nested classes annotated with @Configuration.
16:35:39.325 --- [main] INFO  o.s.b.t.c.SpringBootTestContextBootstrapper - [getOrFindConfigurationClasses,237] - Found @SpringBootConfiguration com.gzw.RitApplication for test class com.gzw.rit.service.Impl.IndexServiceImplTests
16:35:39.567 --- [main] INFO  o.s.b.t.c.SpringBootTestContextBootstrapper - [getDefaultTestExecutionListenerClassNames,248] - Loaded default TestExecutionListener class names from location [META-INF/spring.factories]: [org.springframework.boot.test.mock.mockito.MockitoTestExecutionListener, org.springframework.boot.test.mock.mockito.ResetMocksTestExecutionListener, org.springframework.boot.test.autoconfigure.restdocs.RestDocsTestExecutionListener, org.springframework.boot.test.autoconfigure.web.client.MockRestServiceServerResetTestExecutionListener, org.springframework.boot.test.autoconfigure.web.servlet.MockMvcPrintOnlyOnFailureTestExecutionListener, org.springframework.boot.test.autoconfigure.web.servlet.WebDriverTestExecutionListener, org.springframework.boot.test.autoconfigure.webservices.client.MockWebServiceServerTestExecutionListener, org.springframework.test.context.web.ServletTestExecutionListener, org.springframework.test.context.support.DirtiesContextBeforeModesTestExecutionListener, org.springframework.test.context.support.DependencyInjectionTestExecutionListener, org.springframework.test.context.support.DirtiesContextTestExecutionListener, org.springframework.test.context.transaction.TransactionalTestExecutionListener, org.springframework.test.context.jdbc.SqlScriptsTestExecutionListener, org.springframework.test.context.event.EventPublishingTestExecutionListener]
16:35:39.598 --- [main] INFO  o.s.b.t.c.SpringBootTestContextBootstrapper - [getTestExecutionListeners,177] - Using TestExecutionListeners: [org.springframework.test.context.web.ServletTestExecutionListener@5038d0b5, org.springframework.test.context.support.DirtiesContextBeforeModesTestExecutionListener@32115b28, org.springframework.boot.test.mock.mockito.MockitoTestExecutionListener@2ad48653, org.springframework.boot.test.autoconfigure.SpringBootDependencyInjectionTestExecutionListener@6bb4dd34, org.springframework.test.context.support.DirtiesContextTestExecutionListener@7d9f158f, org.springframework.test.context.transaction.TransactionalTestExecutionListener@45efd90f, org.springframework.test.context.jdbc.SqlScriptsTestExecutionListener@4b8729ff, org.springframework.test.context.event.EventPublishingTestExecutionListener@61710c6, org.springframework.boot.test.mock.mockito.ResetMocksTestExecutionListener@3214ee6, org.springframework.boot.test.autoconfigure.restdocs.RestDocsTestExecutionListener@383dc82c, org.springframework.boot.test.autoconfigure.web.client.MockRestServiceServerResetTestExecutionListener@4a07d605, org.springframework.boot.test.autoconfigure.web.servlet.MockMvcPrintOnlyOnFailureTestExecutionListener@74287ea3, org.springframework.boot.test.autoconfigure.web.servlet.WebDriverTestExecutionListener@7d7758be, org.springframework.boot.test.autoconfigure.webservices.client.MockWebServiceServerTestExecutionListener@2bdd8394]
16:35:40.169 --- [main] INFO  c.g.r.s.I.IndexServiceImplTests - [logStarting,55] - Starting IndexServiceImplTests on LAPTOP-MKA6NPBB with PID 18496 (started by 16271 in D:\AB-Pool-EN-Code-NA\AA-Area-EN-Java-NA\AB-Multi-EN-MyProject-YA\ResourceIntegrationTemplate)
16:35:40.170 --- [main] INFO  c.g.r.s.I.IndexServiceImplTests - [logStartupProfileInfo,655] - The following profiles are active: dev
16:35:41.669 --- [main] INFO  o.s.d.r.c.RepositoryConfigurationDelegate - [multipleStoresDetected,249] - Multiple Spring Data modules found, entering strict repository configuration mode!
16:35:41.673 --- [main] INFO  o.s.d.r.c.RepositoryConfigurationDelegate - [registerRepositoriesIn,127] - Bootstrapping Spring Data Redis repositories in DEFAULT mode.
16:35:41.727 --- [main] INFO  o.s.d.r.c.RepositoryConfigurationDelegate - [registerRepositoriesIn,187] - Finished Spring Data repository scanning in 31ms. Found 0 Redis repository interfaces.
16:35:42.147 --- [main] INFO  o.s.c.s.PostProcessorRegistrationDelegate$BeanPostProcessorChecker - [postProcessAfterInitialization,335] - Bean 'redisConfig' of type [com.gzw.rit.config.redis.RedisConfig$$EnhancerBySpringCGLIB$$69380941] is not eligible for getting processed by all BeanPostProcessors (for example: not eligible for auto-proxying)
16:35:42.541 --- [main] INFO  o.s.c.s.PostProcessorRegistrationDelegate$BeanPostProcessorChecker - [postProcessAfterInitialization,335] - Bean 'org.springframework.security.access.expression.method.DefaultMethodSecurityExpressionHandler@71f1cc02' of type [org.springframework.security.access.expression.method.DefaultMethodSecurityExpressionHandler] is not eligible for getting processed by all BeanPostProcessors (for example: not eligible for auto-proxying)
16:35:42.572 --- [main] INFO  o.s.c.s.PostProcessorRegistrationDelegate$BeanPostProcessorChecker - [postProcessAfterInitialization,335] - Bean 'methodSecurityMetadataSource' of type [org.springframework.security.access.method.DelegatingMethodSecurityMetadataSource] is not eligible for getting processed by all BeanPostProcessors (for example: not eligible for auto-proxying)
16:35:50.850 --- [main] INFO  o.s.s.w.DefaultSecurityFilterChain - [<init>,43] - Creating filter chain: Ant [pattern='/*/**'], []
16:35:52.088 --- [main] INFO  o.s.s.w.DefaultSecurityFilterChain - [<init>,43] - Creating filter chain: any request, [org.springframework.security.web.context.request.async.WebAsyncManagerIntegrationFilter@6c96403e, org.springframework.security.web.context.SecurityContextPersistenceFilter@2120bed, org.springframework.security.web.header.HeaderWriterFilter@31228d83, org.springframework.security.web.authentication.logout.LogoutFilter@6df791a4, com.gzw.rit.common.filter.TokenLoginFilter@7babed9e, com.gzw.rit.common.filter.TokenAuthenticationFilter@2353354a, org.springframework.security.web.authentication.www.BasicAuthenticationFilter@69ffdaa8, org.springframework.security.web.savedrequest.RequestCacheAwareFilter@743bb39a, org.springframework.security.web.servletapi.SecurityContextHolderAwareRequestFilter@1ffd0114, org.springframework.security.web.authentication.AnonymousAuthenticationFilter@7c7ed72a, org.springframework.security.web.session.SessionManagementFilter@28bf82d9, org.springframework.security.web.access.ExceptionTranslationFilter@77ccded4, org.springframework.security.web.access.intercept.FilterSecurityInterceptor@3d8d970e]
16:35:52.161 --- [main] INFO  s.d.s.w.PropertySourcedRequestMappingHandlerMapping - [initHandlerMethods,69] - Mapped URL path [/v2/api-docs] onto method [springfox.documentation.swagger2.web.Swagger2Controller#getDocumentation(String, HttpServletRequest)]
16:35:52.863 --- [main] INFO  o.s.s.c.ThreadPoolTaskExecutor - [initialize,181] - Initializing ExecutorService 'applicationTaskExecutor'
16:35:53.008 --- [main] INFO  o.s.b.a.w.s.WelcomePageHandlerMapping - [<init>,58] - Adding welcome page template: index
16:35:53.758 --- [main] INFO  s.d.s.w.p.DocumentationPluginsBootstrapper - [start,160] - Context refreshed
16:35:53.798 --- [main] INFO  s.d.s.w.p.DocumentationPluginsBootstrapper - [start,163] - Found 1 custom documentation plugin(s)
16:35:53.845 --- [main] INFO  s.d.s.w.s.ApiListingReferenceScanner - [scan,41] - Scanning for api listing references
16:35:54.099 --- [main] INFO  s.d.s.w.r.o.CachingOperationNameGenerator - [startingWith,40] - Generating unique operation named: removeUsingDELETE_1
16:35:54.105 --- [main] INFO  s.d.s.w.r.o.CachingOperationNameGenerator - [startingWith,40] - Generating unique operation named: saveUsingPOST_1
16:35:54.108 --- [main] INFO  s.d.s.w.r.o.CachingOperationNameGenerator - [startingWith,40] - Generating unique operation named: updateByIdUsingPUT_1
16:35:54.114 --- [main] INFO  s.d.s.w.r.o.CachingOperationNameGenerator - [startingWith,40] - Generating unique operation named: batchRemoveUsingDELETE_1
16:35:54.117 --- [main] INFO  s.d.s.w.r.o.CachingOperationNameGenerator - [startingWith,40] - Generating unique operation named: doAssignUsingPOST_1
16:35:54.123 --- [main] INFO  s.d.s.w.r.o.CachingOperationNameGenerator - [startingWith,40] - Generating unique operation named: indexUsingGET_1
16:35:54.126 --- [main] INFO  s.d.s.w.r.o.CachingOperationNameGenerator - [startingWith,40] - Generating unique operation named: removeUsingDELETE_2
16:35:54.131 --- [main] INFO  s.d.s.w.r.o.CachingOperationNameGenerator - [startingWith,40] - Generating unique operation named: saveUsingPOST_2
16:35:54.134 --- [main] INFO  s.d.s.w.r.o.CachingOperationNameGenerator - [startingWith,40] - Generating unique operation named: toAssignUsingGET_1
16:35:54.137 --- [main] INFO  s.d.s.w.r.o.CachingOperationNameGenerator - [startingWith,40] - Generating unique operation named: updateByIdUsingPUT_2
16:35:54.163 --- [main] INFO  c.g.r.s.I.IndexServiceImplTests - [logStarted,61] - Started IndexServiceImplTests in 14.465 seconds (JVM running for 16.744)
16:35:56.372 --- [main] INFO  c.a.d.p.DruidDataSource - [init,1003] - {dataSource-1} inited
16:35:59.037 --- [SpringContextShutdownHook] INFO  o.s.s.c.ThreadPoolTaskExecutor - [shutdown,218] - Shutting down ExecutorService 'applicationTaskExecutor'
16:35:59.168 --- [SpringContextShutdownHook] INFO  c.a.d.p.DruidDataSource - [close,1948] - {dataSource-1} closing ...
16:35:59.172 --- [SpringContextShutdownHook] INFO  c.a.d.p.DruidDataSource - [close,2020] - {dataSource-1} closed
