19:56:42.011 --- [main] INFO  o.s.b.t.c.SpringBootTestContextBootstrapper - [buildDefaultMergedContextConfiguration,308] - Neither @ContextConfiguration nor @ContextHierarchy found for test class [com.gzw.rit.service.Impl.PermissionServiceImplTests], using SpringBootContextLoader
19:56:42.027 --- [main] INFO  o.s.t.c.s.AbstractContextLoader - [generateDefaultLocations,264] - Could not detect default resource locations for test class [com.gzw.rit.service.Impl.PermissionServiceImplTests]: no resource found for suffixes {-context.xml, Context.groovy}.
19:56:42.029 --- [main] INFO  o.s.t.c.s.AnnotationConfigContextLoaderUtils - [detectDefaultConfigurationClasses,83] - Could not detect default configuration classes for test class [com.gzw.rit.service.Impl.PermissionServiceImplTests]: PermissionServiceImplTests does not declare any static, non-private, non-final, nested classes annotated with @Configuration.
19:56:42.225 --- [main] INFO  o.s.b.t.c.SpringBootTestContextBootstrapper - [getOrFindConfigurationClasses,237] - Found @SpringBootConfiguration com.gzw.RitApplication for test class com.gzw.rit.service.Impl.PermissionServiceImplTests
19:56:42.390 --- [main] INFO  o.s.b.t.c.SpringBootTestContextBootstrapper - [getDefaultTestExecutionListenerClassNames,248] - Loaded default TestExecutionListener class names from location [META-INF/spring.factories]: [org.springframework.boot.test.mock.mockito.MockitoTestExecutionListener, org.springframework.boot.test.mock.mockito.ResetMocksTestExecutionListener, org.springframework.boot.test.autoconfigure.restdocs.RestDocsTestExecutionListener, org.springframework.boot.test.autoconfigure.web.client.MockRestServiceServerResetTestExecutionListener, org.springframework.boot.test.autoconfigure.web.servlet.MockMvcPrintOnlyOnFailureTestExecutionListener, org.springframework.boot.test.autoconfigure.web.servlet.WebDriverTestExecutionListener, org.springframework.boot.test.autoconfigure.webservices.client.MockWebServiceServerTestExecutionListener, org.springframework.test.context.web.ServletTestExecutionListener, org.springframework.test.context.support.DirtiesContextBeforeModesTestExecutionListener, org.springframework.test.context.support.DependencyInjectionTestExecutionListener, org.springframework.test.context.support.DirtiesContextTestExecutionListener, org.springframework.test.context.transaction.TransactionalTestExecutionListener, org.springframework.test.context.jdbc.SqlScriptsTestExecutionListener, org.springframework.test.context.event.EventPublishingTestExecutionListener]
19:56:42.415 --- [main] INFO  o.s.b.t.c.SpringBootTestContextBootstrapper - [getTestExecutionListeners,177] - Using TestExecutionListeners: [org.springframework.test.context.web.ServletTestExecutionListener@5f9edf14, org.springframework.test.context.support.DirtiesContextBeforeModesTestExecutionListener@68746f22, org.springframework.boot.test.mock.mockito.MockitoTestExecutionListener@2f01783a, org.springframework.boot.test.autoconfigure.SpringBootDependencyInjectionTestExecutionListener@68878f6d, org.springframework.test.context.support.DirtiesContextTestExecutionListener@41488b16, org.springframework.test.context.transaction.TransactionalTestExecutionListener@a8ef162, org.springframework.test.context.jdbc.SqlScriptsTestExecutionListener@2eea88a1, org.springframework.test.context.event.EventPublishingTestExecutionListener@7ac296f6, org.springframework.boot.test.mock.mockito.ResetMocksTestExecutionListener@7fd7a283, org.springframework.boot.test.autoconfigure.restdocs.RestDocsTestExecutionListener@22f59fa, org.springframework.boot.test.autoconfigure.web.client.MockRestServiceServerResetTestExecutionListener@78fa769e, org.springframework.boot.test.autoconfigure.web.servlet.MockMvcPrintOnlyOnFailureTestExecutionListener@16612a51, org.springframework.boot.test.autoconfigure.web.servlet.WebDriverTestExecutionListener@54e041a4, org.springframework.boot.test.autoconfigure.webservices.client.MockWebServiceServerTestExecutionListener@2c78324b]
19:56:42.929 --- [main] INFO  c.g.r.s.I.PermissionServiceImplTests - [logStarting,55] - Starting PermissionServiceImplTests on LAPTOP-MKA6NPBB with PID 91928 (started by 16271 in D:\AB-Pool-EN-Code-NA\AA-Area-EN-Java-NA\AB-Multi-EN-MyProject-YA\ResourceIntegrationTemplate)
19:56:42.929 --- [main] INFO  c.g.r.s.I.PermissionServiceImplTests - [logStartupProfileInfo,655] - The following profiles are active: dev
19:56:44.211 --- [main] INFO  o.s.d.r.c.RepositoryConfigurationDelegate - [multipleStoresDetected,249] - Multiple Spring Data modules found, entering strict repository configuration mode!
19:56:44.215 --- [main] INFO  o.s.d.r.c.RepositoryConfigurationDelegate - [registerRepositoriesIn,127] - Bootstrapping Spring Data Redis repositories in DEFAULT mode.
19:56:44.262 --- [main] INFO  o.s.d.r.c.RepositoryConfigurationDelegate - [registerRepositoriesIn,187] - Finished Spring Data repository scanning in 28ms. Found 0 Redis repository interfaces.
19:56:44.672 --- [main] INFO  o.s.c.s.PostProcessorRegistrationDelegate$BeanPostProcessorChecker - [postProcessAfterInitialization,335] - Bean 'redisConfig' of type [com.gzw.rit.config.redis.RedisConfig$$EnhancerBySpringCGLIB$$5bf9af76] is not eligible for getting processed by all BeanPostProcessors (for example: not eligible for auto-proxying)
19:56:44.889 --- [main] INFO  o.s.c.s.PostProcessorRegistrationDelegate$BeanPostProcessorChecker - [postProcessAfterInitialization,335] - Bean 'org.springframework.security.access.expression.method.DefaultMethodSecurityExpressionHandler@724b939e' of type [org.springframework.security.access.expression.method.DefaultMethodSecurityExpressionHandler] is not eligible for getting processed by all BeanPostProcessors (for example: not eligible for auto-proxying)
19:56:44.901 --- [main] INFO  o.s.c.s.PostProcessorRegistrationDelegate$BeanPostProcessorChecker - [postProcessAfterInitialization,335] - Bean 'methodSecurityMetadataSource' of type [org.springframework.security.access.method.DelegatingMethodSecurityMetadataSource] is not eligible for getting processed by all BeanPostProcessors (for example: not eligible for auto-proxying)
19:56:48.224 --- [main] INFO  o.s.s.w.DefaultSecurityFilterChain - [<init>,43] - Creating filter chain: Ant [pattern='/*/**'], []
19:56:49.037 --- [main] INFO  o.s.s.w.DefaultSecurityFilterChain - [<init>,43] - Creating filter chain: any request, [org.springframework.security.web.context.request.async.WebAsyncManagerIntegrationFilter@ba4f370, org.springframework.security.web.context.SecurityContextPersistenceFilter@37d0d373, org.springframework.security.web.header.HeaderWriterFilter@fe42a09, org.springframework.security.web.authentication.logout.LogoutFilter@20b829d5, com.gzw.rit.common.filter.TokenLoginFilter@2ba024cb, com.gzw.rit.common.filter.TokenAuthenticationFilter@7af0d91b, org.springframework.security.web.authentication.www.BasicAuthenticationFilter@c758a2d, org.springframework.security.web.savedrequest.RequestCacheAwareFilter@99c4993, org.springframework.security.web.servletapi.SecurityContextHolderAwareRequestFilter@632241f5, org.springframework.security.web.authentication.AnonymousAuthenticationFilter@1c7f6e96, org.springframework.security.web.session.SessionManagementFilter@1ffd0114, org.springframework.security.web.access.ExceptionTranslationFilter@28bf82d9, org.springframework.security.web.access.intercept.FilterSecurityInterceptor@7babed9e]
19:56:49.094 --- [main] INFO  s.d.s.w.PropertySourcedRequestMappingHandlerMapping - [initHandlerMethods,69] - Mapped URL path [/v2/api-docs] onto method [springfox.documentation.swagger2.web.Swagger2Controller#getDocumentation(String, HttpServletRequest)]
19:56:49.403 --- [main] INFO  o.s.s.c.ThreadPoolTaskExecutor - [initialize,181] - Initializing ExecutorService 'applicationTaskExecutor'
19:56:49.478 --- [main] INFO  o.s.b.a.w.s.WelcomePageHandlerMapping - [<init>,58] - Adding welcome page template: index
19:56:49.957 --- [main] INFO  s.d.s.w.p.DocumentationPluginsBootstrapper - [start,160] - Context refreshed
19:56:50.009 --- [main] INFO  s.d.s.w.p.DocumentationPluginsBootstrapper - [start,163] - Found 1 custom documentation plugin(s)
19:56:50.045 --- [main] INFO  s.d.s.w.s.ApiListingReferenceScanner - [scan,41] - Scanning for api listing references
19:56:50.234 --- [main] INFO  s.d.s.w.r.o.CachingOperationNameGenerator - [startingWith,40] - Generating unique operation named: removeUsingDELETE_1
19:56:50.239 --- [main] INFO  s.d.s.w.r.o.CachingOperationNameGenerator - [startingWith,40] - Generating unique operation named: saveUsingPOST_1
19:56:50.240 --- [main] INFO  s.d.s.w.r.o.CachingOperationNameGenerator - [startingWith,40] - Generating unique operation named: updateByIdUsingPUT_1
19:56:50.245 --- [main] INFO  s.d.s.w.r.o.CachingOperationNameGenerator - [startingWith,40] - Generating unique operation named: batchRemoveUsingDELETE_1
19:56:50.249 --- [main] INFO  s.d.s.w.r.o.CachingOperationNameGenerator - [startingWith,40] - Generating unique operation named: doAssignUsingPOST_1
19:56:50.254 --- [main] INFO  s.d.s.w.r.o.CachingOperationNameGenerator - [startingWith,40] - Generating unique operation named: indexUsingGET_1
19:56:50.256 --- [main] INFO  s.d.s.w.r.o.CachingOperationNameGenerator - [startingWith,40] - Generating unique operation named: removeUsingDELETE_2
19:56:50.260 --- [main] INFO  s.d.s.w.r.o.CachingOperationNameGenerator - [startingWith,40] - Generating unique operation named: saveUsingPOST_2
19:56:50.262 --- [main] INFO  s.d.s.w.r.o.CachingOperationNameGenerator - [startingWith,40] - Generating unique operation named: toAssignUsingGET_1
19:56:50.264 --- [main] INFO  s.d.s.w.r.o.CachingOperationNameGenerator - [startingWith,40] - Generating unique operation named: updateByIdUsingPUT_2
19:56:50.287 --- [main] INFO  c.g.r.s.I.PermissionServiceImplTests - [logStarted,61] - Started PermissionServiceImplTests in 7.811 seconds (JVM running for 9.511)
19:56:51.883 --- [main] INFO  c.a.d.p.DruidDataSource - [init,1003] - {dataSource-1} inited
19:56:52.184 --- [SpringContextShutdownHook] INFO  o.s.s.c.ThreadPoolTaskExecutor - [shutdown,218] - Shutting down ExecutorService 'applicationTaskExecutor'
19:56:52.201 --- [SpringContextShutdownHook] INFO  c.a.d.p.DruidDataSource - [close,1948] - {dataSource-1} closing ...
19:56:52.204 --- [SpringContextShutdownHook] INFO  c.a.d.p.DruidDataSource - [close,2020] - {dataSource-1} closed
