16:17:37.921 --- [restartedMain] INFO  c.gzw.RitApplication - [logStarting,55] - Starting RitApplication on LAPTOP-MKA6NPBB with PID 91356 (D:\AB-Pool-EN-Code-NA\AA-Area-EN-Java-NA\AB-Multi-EN-MyProject-YA\ResourceIntegrationTemplate\target\classes started by 16271 in D:\AB-Pool-EN-Code-NA\AA-Area-EN-Java-NA\AB-Multi-EN-MyProject-YA\ResourceIntegrationTemplate)
16:17:37.921 --- [restartedMain] INFO  c.gzw.RitApplication - [logStartupProfileInfo,655] - The following profiles are active: dev
16:17:37.968 --- [restartedMain] INFO  o.s.b.d.e.DevToolsPropertyDefaultsPostProcessor - [logTo,225] - Devtools property defaults active! Set 'spring.devtools.add-properties' to 'false' to disable
16:17:37.968 --- [restartedMain] INFO  o.s.b.d.e.DevToolsPropertyDefaultsPostProcessor - [logTo,225] - For additional web related logging consider setting the 'logging.level.web' property to 'DEBUG'
16:17:38.736 --- [restartedMain] INFO  o.s.d.r.c.RepositoryConfigurationDelegate - [multipleStoresDetected,249] - Multiple Spring Data modules found, entering strict repository configuration mode!
16:17:38.736 --- [restartedMain] INFO  o.s.d.r.c.RepositoryConfigurationDelegate - [registerRepositoriesIn,127] - Bootstrapping Spring Data Redis repositories in DEFAULT mode.
16:17:38.768 --- [restartedMain] INFO  o.s.d.r.c.RepositoryConfigurationDelegate - [registerRepositoriesIn,187] - Finished Spring Data repository scanning in 18ms. Found 0 Redis repository interfaces.
16:17:38.988 --- [restartedMain] INFO  o.s.c.s.PostProcessorRegistrationDelegate$BeanPostProcessorChecker - [postProcessAfterInitialization,335] - Bean 'redisConfig' of type [com.gzw.rit.config.redis.RedisConfig$$EnhancerBySpringCGLIB$$d95bb545] is not eligible for getting processed by all BeanPostProcessors (for example: not eligible for auto-proxying)
16:17:39.019 --- [restartedMain] INFO  o.s.c.s.PostProcessorRegistrationDelegate$BeanPostProcessorChecker - [postProcessAfterInitialization,335] - Bean 'org.springframework.security.access.expression.method.DefaultMethodSecurityExpressionHandler@4184180d' of type [org.springframework.security.access.expression.method.DefaultMethodSecurityExpressionHandler] is not eligible for getting processed by all BeanPostProcessors (for example: not eligible for auto-proxying)
16:17:39.035 --- [restartedMain] INFO  o.s.c.s.PostProcessorRegistrationDelegate$BeanPostProcessorChecker - [postProcessAfterInitialization,335] - Bean 'methodSecurityMetadataSource' of type [org.springframework.security.access.method.DelegatingMethodSecurityMetadataSource] is not eligible for getting processed by all BeanPostProcessors (for example: not eligible for auto-proxying)
16:17:39.271 --- [restartedMain] INFO  o.s.b.w.e.t.TomcatWebServer - [initialize,108] - Tomcat initialized with port(s): 8080 (http)
16:17:39.271 --- [restartedMain] INFO  o.a.c.h.Http11NioProtocol - [log,173] - Initializing ProtocolHandler ["http-nio-8080"]
16:17:39.271 --- [restartedMain] INFO  o.a.c.c.StandardService - [log,173] - Starting service [Tomcat]
16:17:39.271 --- [restartedMain] INFO  o.a.c.c.StandardEngine - [log,173] - Starting Servlet engine: [Apache Tomcat/9.0.41]
16:17:39.365 --- [restartedMain] INFO  o.a.c.c.C.[.[.[/] - [log,173] - Initializing Spring embedded WebApplicationContext
16:17:39.365 --- [restartedMain] INFO  o.s.b.w.s.c.ServletWebServerApplicationContext - [prepareWebApplicationContext,285] - Root WebApplicationContext: initialization completed in 1397 ms
16:17:41.749 --- [restartedMain] INFO  o.s.s.w.DefaultSecurityFilterChain - [<init>,43] - Creating filter chain: Ant [pattern='/*/**'], []
16:17:41.781 --- [restartedMain] INFO  o.s.s.w.DefaultSecurityFilterChain - [<init>,43] - Creating filter chain: any request, [org.springframework.security.web.context.request.async.WebAsyncManagerIntegrationFilter@2685d17a, org.springframework.security.web.context.SecurityContextPersistenceFilter@1a657b4e, org.springframework.security.web.header.HeaderWriterFilter@5cd20d4f, org.springframework.security.web.authentication.logout.LogoutFilter@491acbb1, com.gzw.rit.common.filter.TokenLoginFilter@8412063, com.gzw.rit.common.filter.TokenAuthenticationFilter@3316df2e, org.springframework.security.web.authentication.www.BasicAuthenticationFilter@4a3e3a47, org.springframework.security.web.savedrequest.RequestCacheAwareFilter@f1f7473, org.springframework.security.web.servletapi.SecurityContextHolderAwareRequestFilter@2ca94cd4, org.springframework.security.web.authentication.AnonymousAuthenticationFilter@696e6161, org.springframework.security.web.session.SessionManagementFilter@6e50ddb5, org.springframework.security.web.access.ExceptionTranslationFilter@7d3d5f58, org.springframework.security.web.access.intercept.FilterSecurityInterceptor@209ec56a]
16:17:41.796 --- [restartedMain] INFO  s.d.s.w.PropertySourcedRequestMappingHandlerMapping - [initHandlerMethods,69] - Mapped URL path [/v2/api-docs] onto method [springfox.documentation.swagger2.web.Swagger2Controller#getDocumentation(String, HttpServletRequest)]
16:17:41.872 --- [restartedMain] INFO  o.s.s.c.ThreadPoolTaskExecutor - [initialize,181] - Initializing ExecutorService 'applicationTaskExecutor'
16:17:41.890 --- [restartedMain] INFO  o.s.b.d.a.OptionalLiveReloadServer - [startServer,58] - LiveReload server is running on port 35729
16:17:41.922 --- [restartedMain] INFO  o.s.b.a.w.s.WelcomePageHandlerMapping - [<init>,58] - Adding welcome page template: index
16:17:42.115 --- [restartedMain] INFO  o.a.c.h.Http11NioProtocol - [log,173] - Starting ProtocolHandler ["http-nio-8080"]
16:17:42.131 --- [restartedMain] INFO  o.s.b.w.e.t.TomcatWebServer - [start,220] - Tomcat started on port(s): 8080 (http) with context path ''
16:17:42.131 --- [restartedMain] INFO  s.d.s.w.p.DocumentationPluginsBootstrapper - [start,160] - Context refreshed
16:17:42.146 --- [restartedMain] INFO  s.d.s.w.p.DocumentationPluginsBootstrapper - [start,163] - Found 1 custom documentation plugin(s)
16:17:42.162 --- [restartedMain] INFO  s.d.s.w.s.ApiListingReferenceScanner - [scan,41] - Scanning for api listing references
16:17:42.273 --- [restartedMain] INFO  s.d.s.w.r.o.CachingOperationNameGenerator - [startingWith,40] - Generating unique operation named: removeUsingDELETE_1
16:17:42.273 --- [restartedMain] INFO  s.d.s.w.r.o.CachingOperationNameGenerator - [startingWith,40] - Generating unique operation named: saveUsingPOST_1
16:17:42.273 --- [restartedMain] INFO  s.d.s.w.r.o.CachingOperationNameGenerator - [startingWith,40] - Generating unique operation named: updateByIdUsingPUT_1
16:17:42.273 --- [restartedMain] INFO  s.d.s.w.r.o.CachingOperationNameGenerator - [startingWith,40] - Generating unique operation named: batchRemoveUsingDELETE_1
16:17:42.273 --- [restartedMain] INFO  s.d.s.w.r.o.CachingOperationNameGenerator - [startingWith,40] - Generating unique operation named: doAssignUsingPOST_1
16:17:42.288 --- [restartedMain] INFO  s.d.s.w.r.o.CachingOperationNameGenerator - [startingWith,40] - Generating unique operation named: indexUsingGET_1
16:17:42.288 --- [restartedMain] INFO  s.d.s.w.r.o.CachingOperationNameGenerator - [startingWith,40] - Generating unique operation named: removeUsingDELETE_2
16:17:42.288 --- [restartedMain] INFO  s.d.s.w.r.o.CachingOperationNameGenerator - [startingWith,40] - Generating unique operation named: saveUsingPOST_2
16:17:42.288 --- [restartedMain] INFO  s.d.s.w.r.o.CachingOperationNameGenerator - [startingWith,40] - Generating unique operation named: toAssignUsingGET_1
16:17:42.288 --- [restartedMain] INFO  s.d.s.w.r.o.CachingOperationNameGenerator - [startingWith,40] - Generating unique operation named: updateByIdUsingPUT_2
16:17:42.303 --- [restartedMain] INFO  c.gzw.RitApplication - [logStarted,61] - Started RitApplication in 4.731 seconds (JVM running for 6.349)
16:17:59.685 --- [http-nio-8080-exec-1] INFO  o.a.c.c.C.[.[.[/] - [log,173] - Initializing Spring DispatcherServlet 'dispatcherServlet'
16:17:59.686 --- [http-nio-8080-exec-1] INFO  o.s.w.s.DispatcherServlet - [initServletBean,525] - Initializing Servlet 'dispatcherServlet'
16:17:59.693 --- [http-nio-8080-exec-1] INFO  o.s.w.s.DispatcherServlet - [initServletBean,547] - Completed initialization in 7 ms
16:17:59.706 --- [http-nio-8080-exec-1] INFO  c.g.r.c.f.TokenAuthenticationFilter - [doFilterInternal,45] - =================/
16:18:08.684 --- [http-nio-8080-exec-9] INFO  c.g.r.c.f.TokenAuthenticationFilter - [doFilterInternal,45] - =================/
16:20:06.923 --- [restartedMain] INFO  c.gzw.RitApplication - [logStarting,55] - Starting RitApplication on LAPTOP-MKA6NPBB with PID 91824 (D:\AB-Pool-EN-Code-NA\AA-Area-EN-Java-NA\AB-Multi-EN-MyProject-YA\ResourceIntegrationTemplate\target\classes started by 16271 in D:\AB-Pool-EN-Code-NA\AA-Area-EN-Java-NA\AB-Multi-EN-MyProject-YA\ResourceIntegrationTemplate)
16:20:06.927 --- [restartedMain] INFO  c.gzw.RitApplication - [logStartupProfileInfo,655] - The following profiles are active: dev
16:20:06.983 --- [restartedMain] INFO  o.s.b.d.e.DevToolsPropertyDefaultsPostProcessor - [logTo,225] - Devtools property defaults active! Set 'spring.devtools.add-properties' to 'false' to disable
16:20:06.984 --- [restartedMain] INFO  o.s.b.d.e.DevToolsPropertyDefaultsPostProcessor - [logTo,225] - For additional web related logging consider setting the 'logging.level.web' property to 'DEBUG'
16:20:08.285 --- [restartedMain] INFO  o.s.d.r.c.RepositoryConfigurationDelegate - [multipleStoresDetected,249] - Multiple Spring Data modules found, entering strict repository configuration mode!
16:20:08.285 --- [restartedMain] INFO  o.s.d.r.c.RepositoryConfigurationDelegate - [registerRepositoriesIn,127] - Bootstrapping Spring Data Redis repositories in DEFAULT mode.
16:20:08.332 --- [restartedMain] INFO  o.s.d.r.c.RepositoryConfigurationDelegate - [registerRepositoriesIn,187] - Finished Spring Data repository scanning in 30ms. Found 0 Redis repository interfaces.
16:20:08.673 --- [restartedMain] INFO  o.s.c.s.PostProcessorRegistrationDelegate$BeanPostProcessorChecker - [postProcessAfterInitialization,335] - Bean 'redisConfig' of type [com.gzw.rit.config.redis.RedisConfig$$EnhancerBySpringCGLIB$$88403b57] is not eligible for getting processed by all BeanPostProcessors (for example: not eligible for auto-proxying)
16:20:08.707 --- [restartedMain] INFO  o.s.c.s.PostProcessorRegistrationDelegate$BeanPostProcessorChecker - [postProcessAfterInitialization,335] - Bean 'org.springframework.security.access.expression.method.DefaultMethodSecurityExpressionHandler@2762e105' of type [org.springframework.security.access.expression.method.DefaultMethodSecurityExpressionHandler] is not eligible for getting processed by all BeanPostProcessors (for example: not eligible for auto-proxying)
16:20:08.722 --- [restartedMain] INFO  o.s.c.s.PostProcessorRegistrationDelegate$BeanPostProcessorChecker - [postProcessAfterInitialization,335] - Bean 'methodSecurityMetadataSource' of type [org.springframework.security.access.method.DelegatingMethodSecurityMetadataSource] is not eligible for getting processed by all BeanPostProcessors (for example: not eligible for auto-proxying)
16:20:09.146 --- [restartedMain] INFO  o.s.b.w.e.t.TomcatWebServer - [initialize,108] - Tomcat initialized with port(s): 8080 (http)
16:20:09.155 --- [restartedMain] INFO  o.a.c.h.Http11NioProtocol - [log,173] - Initializing ProtocolHandler ["http-nio-8080"]
16:20:09.155 --- [restartedMain] INFO  o.a.c.c.StandardService - [log,173] - Starting service [Tomcat]
16:20:09.156 --- [restartedMain] INFO  o.a.c.c.StandardEngine - [log,173] - Starting Servlet engine: [Apache Tomcat/9.0.41]
16:20:09.297 --- [restartedMain] INFO  o.a.c.c.C.[.[.[/] - [log,173] - Initializing Spring embedded WebApplicationContext
16:20:09.298 --- [restartedMain] INFO  o.s.b.w.s.c.ServletWebServerApplicationContext - [prepareWebApplicationContext,285] - Root WebApplicationContext: initialization completed in 2313 ms
16:20:13.704 --- [restartedMain] INFO  o.s.s.w.DefaultSecurityFilterChain - [<init>,43] - Creating filter chain: Ant [pattern='/*/**'], []
16:20:13.753 --- [restartedMain] INFO  o.s.s.w.DefaultSecurityFilterChain - [<init>,43] - Creating filter chain: any request, [org.springframework.security.web.context.request.async.WebAsyncManagerIntegrationFilter@5416cf57, org.springframework.security.web.context.SecurityContextPersistenceFilter@6903fa71, org.springframework.security.web.header.HeaderWriterFilter@594607c6, org.springframework.security.web.authentication.logout.LogoutFilter@7bb7be03, com.gzw.rit.common.filter.TokenLoginFilter@6f66aab8, com.gzw.rit.common.filter.TokenAuthenticationFilter@4d6cc48c, org.springframework.security.web.authentication.www.BasicAuthenticationFilter@344383, org.springframework.security.web.savedrequest.RequestCacheAwareFilter@9b15068, org.springframework.security.web.servletapi.SecurityContextHolderAwareRequestFilter@289c440, org.springframework.security.web.authentication.AnonymousAuthenticationFilter@79b14572, org.springframework.security.web.session.SessionManagementFilter@75e5842f, org.springframework.security.web.access.ExceptionTranslationFilter@77fa8624, org.springframework.security.web.access.intercept.FilterSecurityInterceptor@157c4bd1]
16:20:13.784 --- [restartedMain] INFO  s.d.s.w.PropertySourcedRequestMappingHandlerMapping - [initHandlerMethods,69] - Mapped URL path [/v2/api-docs] onto method [springfox.documentation.swagger2.web.Swagger2Controller#getDocumentation(String, HttpServletRequest)]
16:20:13.918 --- [restartedMain] INFO  o.s.s.c.ThreadPoolTaskExecutor - [initialize,181] - Initializing ExecutorService 'applicationTaskExecutor'
16:20:13.973 --- [restartedMain] INFO  o.s.b.d.a.OptionalLiveReloadServer - [startServer,58] - LiveReload server is running on port 35729
16:20:14.011 --- [restartedMain] INFO  o.s.b.a.w.s.WelcomePageHandlerMapping - [<init>,58] - Adding welcome page template: index
16:20:14.395 --- [restartedMain] INFO  o.a.c.h.Http11NioProtocol - [log,173] - Starting ProtocolHandler ["http-nio-8080"]
16:20:14.436 --- [restartedMain] INFO  o.s.b.w.e.t.TomcatWebServer - [start,220] - Tomcat started on port(s): 8080 (http) with context path ''
16:20:14.438 --- [restartedMain] INFO  s.d.s.w.p.DocumentationPluginsBootstrapper - [start,160] - Context refreshed
16:20:14.463 --- [restartedMain] INFO  s.d.s.w.p.DocumentationPluginsBootstrapper - [start,163] - Found 1 custom documentation plugin(s)
16:20:14.501 --- [restartedMain] INFO  s.d.s.w.s.ApiListingReferenceScanner - [scan,41] - Scanning for api listing references
16:20:14.696 --- [restartedMain] INFO  s.d.s.w.r.o.CachingOperationNameGenerator - [startingWith,40] - Generating unique operation named: removeUsingDELETE_1
16:20:14.700 --- [restartedMain] INFO  s.d.s.w.r.o.CachingOperationNameGenerator - [startingWith,40] - Generating unique operation named: saveUsingPOST_1
16:20:14.703 --- [restartedMain] INFO  s.d.s.w.r.o.CachingOperationNameGenerator - [startingWith,40] - Generating unique operation named: updateByIdUsingPUT_1
16:20:14.707 --- [restartedMain] INFO  s.d.s.w.r.o.CachingOperationNameGenerator - [startingWith,40] - Generating unique operation named: batchRemoveUsingDELETE_1
16:20:14.710 --- [restartedMain] INFO  s.d.s.w.r.o.CachingOperationNameGenerator - [startingWith,40] - Generating unique operation named: doAssignUsingPOST_1
16:20:14.715 --- [restartedMain] INFO  s.d.s.w.r.o.CachingOperationNameGenerator - [startingWith,40] - Generating unique operation named: indexUsingGET_1
16:20:14.716 --- [restartedMain] INFO  s.d.s.w.r.o.CachingOperationNameGenerator - [startingWith,40] - Generating unique operation named: removeUsingDELETE_2
16:20:14.722 --- [restartedMain] INFO  s.d.s.w.r.o.CachingOperationNameGenerator - [startingWith,40] - Generating unique operation named: saveUsingPOST_2
16:20:14.723 --- [restartedMain] INFO  s.d.s.w.r.o.CachingOperationNameGenerator - [startingWith,40] - Generating unique operation named: toAssignUsingGET_1
16:20:14.725 --- [restartedMain] INFO  s.d.s.w.r.o.CachingOperationNameGenerator - [startingWith,40] - Generating unique operation named: updateByIdUsingPUT_2
16:20:14.753 --- [restartedMain] INFO  c.gzw.RitApplication - [logStarted,61] - Started RitApplication in 8.31 seconds (JVM running for 10.453)
16:20:33.564 --- [http-nio-8080-exec-1] INFO  o.a.c.c.C.[.[.[/] - [log,173] - Initializing Spring DispatcherServlet 'dispatcherServlet'
16:20:33.564 --- [http-nio-8080-exec-1] INFO  o.s.w.s.DispatcherServlet - [initServletBean,525] - Initializing Servlet 'dispatcherServlet'
16:20:33.575 --- [http-nio-8080-exec-1] INFO  o.s.w.s.DispatcherServlet - [initServletBean,547] - Completed initialization in 10 ms
16:20:33.594 --- [http-nio-8080-exec-1] INFO  c.g.r.c.f.TokenAuthenticationFilter - [doFilterInternal,45] - =================/
16:20:57.634 --- [http-nio-8080-exec-3] INFO  c.g.r.c.f.TokenAuthenticationFilter - [doFilterInternal,45] - =================/
16:21:19.397 --- [http-nio-8080-exec-4] INFO  c.a.d.p.DruidDataSource - [init,1003] - {dataSource-1} inited
17:19:29.193 --- [main] INFO  o.s.b.t.c.SpringBootTestContextBootstrapper - [buildDefaultMergedContextConfiguration,308] - Neither @ContextConfiguration nor @ContextHierarchy found for test class [com.gzw.rit.service.Impl.PermissionServiceImpl], using SpringBootContextLoader
17:19:29.193 --- [main] INFO  o.s.t.c.s.AbstractContextLoader - [generateDefaultLocations,264] - Could not detect default resource locations for test class [com.gzw.rit.service.Impl.PermissionServiceImpl]: no resource found for suffixes {-context.xml, Context.groovy}.
17:19:29.193 --- [main] INFO  o.s.t.c.s.AnnotationConfigContextLoaderUtils - [detectDefaultConfigurationClasses,83] - Could not detect default configuration classes for test class [com.gzw.rit.service.Impl.PermissionServiceImpl]: PermissionServiceImpl does not declare any static, non-private, non-final, nested classes annotated with @Configuration.
17:19:29.411 --- [main] INFO  o.s.b.t.c.SpringBootTestContextBootstrapper - [getOrFindConfigurationClasses,237] - Found @SpringBootConfiguration com.gzw.RitApplication for test class com.gzw.rit.service.Impl.PermissionServiceImpl
17:19:29.552 --- [main] INFO  o.s.b.t.c.SpringBootTestContextBootstrapper - [getDefaultTestExecutionListenerClassNames,248] - Loaded default TestExecutionListener class names from location [META-INF/spring.factories]: [org.springframework.boot.test.mock.mockito.MockitoTestExecutionListener, org.springframework.boot.test.mock.mockito.ResetMocksTestExecutionListener, org.springframework.boot.test.autoconfigure.restdocs.RestDocsTestExecutionListener, org.springframework.boot.test.autoconfigure.web.client.MockRestServiceServerResetTestExecutionListener, org.springframework.boot.test.autoconfigure.web.servlet.MockMvcPrintOnlyOnFailureTestExecutionListener, org.springframework.boot.test.autoconfigure.web.servlet.WebDriverTestExecutionListener, org.springframework.boot.test.autoconfigure.webservices.client.MockWebServiceServerTestExecutionListener, org.springframework.test.context.web.ServletTestExecutionListener, org.springframework.test.context.support.DirtiesContextBeforeModesTestExecutionListener, org.springframework.test.context.support.DependencyInjectionTestExecutionListener, org.springframework.test.context.support.DirtiesContextTestExecutionListener, org.springframework.test.context.transaction.TransactionalTestExecutionListener, org.springframework.test.context.jdbc.SqlScriptsTestExecutionListener, org.springframework.test.context.event.EventPublishingTestExecutionListener]
17:19:29.583 --- [main] INFO  o.s.b.t.c.SpringBootTestContextBootstrapper - [getTestExecutionListeners,177] - Using TestExecutionListeners: [org.springframework.test.context.web.ServletTestExecutionListener@4b8729ff, org.springframework.test.context.support.DirtiesContextBeforeModesTestExecutionListener@61710c6, org.springframework.boot.test.mock.mockito.MockitoTestExecutionListener@3214ee6, org.springframework.boot.test.autoconfigure.SpringBootDependencyInjectionTestExecutionListener@383dc82c, org.springframework.test.context.support.DirtiesContextTestExecutionListener@4a07d605, org.springframework.test.context.transaction.TransactionalTestExecutionListener@74287ea3, org.springframework.test.context.jdbc.SqlScriptsTestExecutionListener@7d7758be, org.springframework.test.context.event.EventPublishingTestExecutionListener@2bdd8394, org.springframework.boot.test.mock.mockito.ResetMocksTestExecutionListener@5f9edf14, org.springframework.boot.test.autoconfigure.restdocs.RestDocsTestExecutionListener@68746f22, org.springframework.boot.test.autoconfigure.web.client.MockRestServiceServerResetTestExecutionListener@2f01783a, org.springframework.boot.test.autoconfigure.web.servlet.MockMvcPrintOnlyOnFailureTestExecutionListener@68878f6d, org.springframework.boot.test.autoconfigure.web.servlet.WebDriverTestExecutionListener@41488b16, org.springframework.boot.test.autoconfigure.webservices.client.MockWebServiceServerTestExecutionListener@a8ef162]
17:19:30.038 --- [main] INFO  c.g.r.s.I.PermissionServiceImpl - [logStarting,55] - Starting PermissionServiceImpl on LAPTOP-MKA6NPBB with PID 66648 (started by 16271 in D:\AB-Pool-EN-Code-NA\AA-Area-EN-Java-NA\AB-Multi-EN-MyProject-YA\ResourceIntegrationTemplate)
17:19:30.038 --- [main] INFO  c.g.r.s.I.PermissionServiceImpl - [logStartupProfileInfo,655] - The following profiles are active: dev
17:19:31.296 --- [main] INFO  o.s.d.r.c.RepositoryConfigurationDelegate - [multipleStoresDetected,249] - Multiple Spring Data modules found, entering strict repository configuration mode!
17:19:31.308 --- [main] INFO  o.s.d.r.c.RepositoryConfigurationDelegate - [registerRepositoriesIn,127] - Bootstrapping Spring Data Redis repositories in DEFAULT mode.
17:19:31.355 --- [main] INFO  o.s.d.r.c.RepositoryConfigurationDelegate - [registerRepositoriesIn,187] - Finished Spring Data repository scanning in 34ms. Found 0 Redis repository interfaces.
17:19:31.543 --- [main] INFO  o.s.b.a.l.ConditionEvaluationReportLoggingListener - [logMessage,136] - 

Error starting ApplicationContext. To display the conditions report re-run your application with 'debug' enabled.
17:25:39.738 --- [main] INFO  o.s.b.t.c.SpringBootTestContextBootstrapper - [buildDefaultMergedContextConfiguration,308] - Neither @ContextConfiguration nor @ContextHierarchy found for test class [com.gzw.rit.service.Impl.PermissionServiceImplTests], using SpringBootContextLoader
17:25:39.754 --- [main] INFO  o.s.t.c.s.AbstractContextLoader - [generateDefaultLocations,264] - Could not detect default resource locations for test class [com.gzw.rit.service.Impl.PermissionServiceImplTests]: no resource found for suffixes {-context.xml, Context.groovy}.
17:25:39.754 --- [main] INFO  o.s.t.c.s.AnnotationConfigContextLoaderUtils - [detectDefaultConfigurationClasses,83] - Could not detect default configuration classes for test class [com.gzw.rit.service.Impl.PermissionServiceImplTests]: PermissionServiceImplTests does not declare any static, non-private, non-final, nested classes annotated with @Configuration.
17:25:39.910 --- [main] INFO  o.s.b.t.c.SpringBootTestContextBootstrapper - [getOrFindConfigurationClasses,237] - Found @SpringBootConfiguration com.gzw.RitApplication for test class com.gzw.rit.service.Impl.PermissionServiceImplTests
17:25:40.020 --- [main] INFO  o.s.b.t.c.SpringBootTestContextBootstrapper - [getDefaultTestExecutionListenerClassNames,248] - Loaded default TestExecutionListener class names from location [META-INF/spring.factories]: [org.springframework.boot.test.mock.mockito.MockitoTestExecutionListener, org.springframework.boot.test.mock.mockito.ResetMocksTestExecutionListener, org.springframework.boot.test.autoconfigure.restdocs.RestDocsTestExecutionListener, org.springframework.boot.test.autoconfigure.web.client.MockRestServiceServerResetTestExecutionListener, org.springframework.boot.test.autoconfigure.web.servlet.MockMvcPrintOnlyOnFailureTestExecutionListener, org.springframework.boot.test.autoconfigure.web.servlet.WebDriverTestExecutionListener, org.springframework.boot.test.autoconfigure.webservices.client.MockWebServiceServerTestExecutionListener, org.springframework.test.context.web.ServletTestExecutionListener, org.springframework.test.context.support.DirtiesContextBeforeModesTestExecutionListener, org.springframework.test.context.support.DependencyInjectionTestExecutionListener, org.springframework.test.context.support.DirtiesContextTestExecutionListener, org.springframework.test.context.transaction.TransactionalTestExecutionListener, org.springframework.test.context.jdbc.SqlScriptsTestExecutionListener, org.springframework.test.context.event.EventPublishingTestExecutionListener]
17:25:40.049 --- [main] INFO  o.s.b.t.c.SpringBootTestContextBootstrapper - [getTestExecutionListeners,177] - Using TestExecutionListeners: [org.springframework.test.context.web.ServletTestExecutionListener@4b8729ff, org.springframework.test.context.support.DirtiesContextBeforeModesTestExecutionListener@61710c6, org.springframework.boot.test.mock.mockito.MockitoTestExecutionListener@3214ee6, org.springframework.boot.test.autoconfigure.SpringBootDependencyInjectionTestExecutionListener@383dc82c, org.springframework.test.context.support.DirtiesContextTestExecutionListener@4a07d605, org.springframework.test.context.transaction.TransactionalTestExecutionListener@74287ea3, org.springframework.test.context.jdbc.SqlScriptsTestExecutionListener@7d7758be, org.springframework.test.context.event.EventPublishingTestExecutionListener@2bdd8394, org.springframework.boot.test.mock.mockito.ResetMocksTestExecutionListener@5f9edf14, org.springframework.boot.test.autoconfigure.restdocs.RestDocsTestExecutionListener@68746f22, org.springframework.boot.test.autoconfigure.web.client.MockRestServiceServerResetTestExecutionListener@2f01783a, org.springframework.boot.test.autoconfigure.web.servlet.MockMvcPrintOnlyOnFailureTestExecutionListener@68878f6d, org.springframework.boot.test.autoconfigure.web.servlet.WebDriverTestExecutionListener@41488b16, org.springframework.boot.test.autoconfigure.webservices.client.MockWebServiceServerTestExecutionListener@a8ef162]
17:25:40.522 --- [main] INFO  c.g.r.s.I.PermissionServiceImplTests - [logStarting,55] - Starting PermissionServiceImplTests on LAPTOP-MKA6NPBB with PID 80636 (started by 16271 in D:\AB-Pool-EN-Code-NA\AA-Area-EN-Java-NA\AB-Multi-EN-MyProject-YA\ResourceIntegrationTemplate)
17:25:40.522 --- [main] INFO  c.g.r.s.I.PermissionServiceImplTests - [logStartupProfileInfo,655] - The following profiles are active: dev
17:25:41.666 --- [main] INFO  o.s.d.r.c.RepositoryConfigurationDelegate - [multipleStoresDetected,249] - Multiple Spring Data modules found, entering strict repository configuration mode!
17:25:41.666 --- [main] INFO  o.s.d.r.c.RepositoryConfigurationDelegate - [registerRepositoriesIn,127] - Bootstrapping Spring Data Redis repositories in DEFAULT mode.
17:25:41.713 --- [main] INFO  o.s.d.r.c.RepositoryConfigurationDelegate - [registerRepositoriesIn,187] - Finished Spring Data repository scanning in 31ms. Found 0 Redis repository interfaces.
17:25:42.168 --- [main] INFO  o.s.c.s.PostProcessorRegistrationDelegate$BeanPostProcessorChecker - [postProcessAfterInitialization,335] - Bean 'redisConfig' of type [com.gzw.rit.config.redis.RedisConfig$$EnhancerBySpringCGLIB$$626ebeef] is not eligible for getting processed by all BeanPostProcessors (for example: not eligible for auto-proxying)
17:25:42.419 --- [main] INFO  o.s.c.s.PostProcessorRegistrationDelegate$BeanPostProcessorChecker - [postProcessAfterInitialization,335] - Bean 'org.springframework.security.access.expression.method.DefaultMethodSecurityExpressionHandler@6e3ecf5c' of type [org.springframework.security.access.expression.method.DefaultMethodSecurityExpressionHandler] is not eligible for getting processed by all BeanPostProcessors (for example: not eligible for auto-proxying)
17:25:42.434 --- [main] INFO  o.s.c.s.PostProcessorRegistrationDelegate$BeanPostProcessorChecker - [postProcessAfterInitialization,335] - Bean 'methodSecurityMetadataSource' of type [org.springframework.security.access.method.DelegatingMethodSecurityMetadataSource] is not eligible for getting processed by all BeanPostProcessors (for example: not eligible for auto-proxying)
17:25:46.511 --- [main] INFO  o.s.s.w.DefaultSecurityFilterChain - [<init>,43] - Creating filter chain: Ant [pattern='/*/**'], []
17:25:47.468 --- [main] INFO  o.s.s.w.DefaultSecurityFilterChain - [<init>,43] - Creating filter chain: any request, [org.springframework.security.web.context.request.async.WebAsyncManagerIntegrationFilter@69ffdaa8, org.springframework.security.web.context.SecurityContextPersistenceFilter@31228d83, org.springframework.security.web.header.HeaderWriterFilter@19105a87, org.springframework.security.web.authentication.logout.LogoutFilter@632241f5, com.gzw.rit.common.filter.TokenLoginFilter@2a1e57c6, com.gzw.rit.common.filter.TokenAuthenticationFilter@68d6f48e, org.springframework.security.web.authentication.www.BasicAuthenticationFilter@50778bde, org.springframework.security.web.savedrequest.RequestCacheAwareFilter@28bf82d9, org.springframework.security.web.servletapi.SecurityContextHolderAwareRequestFilter@3f3c8b60, org.springframework.security.web.authentication.AnonymousAuthenticationFilter@6c96403e, org.springframework.security.web.session.SessionManagementFilter@2bb717d7, org.springframework.security.web.access.ExceptionTranslationFilter@3302035b, org.springframework.security.web.access.intercept.FilterSecurityInterceptor@b428830]
17:25:47.546 --- [main] INFO  s.d.s.w.PropertySourcedRequestMappingHandlerMapping - [initHandlerMethods,69] - Mapped URL path [/v2/api-docs] onto method [springfox.documentation.swagger2.web.Swagger2Controller#getDocumentation(String, HttpServletRequest)]
17:25:47.923 --- [main] INFO  o.s.s.c.ThreadPoolTaskExecutor - [initialize,181] - Initializing ExecutorService 'applicationTaskExecutor'
17:25:48.001 --- [main] INFO  o.s.b.a.w.s.WelcomePageHandlerMapping - [<init>,58] - Adding welcome page template: index
17:25:48.541 --- [main] INFO  s.d.s.w.p.DocumentationPluginsBootstrapper - [start,160] - Context refreshed
17:25:48.604 --- [main] INFO  s.d.s.w.p.DocumentationPluginsBootstrapper - [start,163] - Found 1 custom documentation plugin(s)
17:25:48.635 --- [main] INFO  s.d.s.w.s.ApiListingReferenceScanner - [scan,41] - Scanning for api listing references
17:25:48.839 --- [main] INFO  s.d.s.w.r.o.CachingOperationNameGenerator - [startingWith,40] - Generating unique operation named: removeUsingDELETE_1
17:25:48.839 --- [main] INFO  s.d.s.w.r.o.CachingOperationNameGenerator - [startingWith,40] - Generating unique operation named: saveUsingPOST_1
17:25:48.839 --- [main] INFO  s.d.s.w.r.o.CachingOperationNameGenerator - [startingWith,40] - Generating unique operation named: updateByIdUsingPUT_1
17:25:48.854 --- [main] INFO  s.d.s.w.r.o.CachingOperationNameGenerator - [startingWith,40] - Generating unique operation named: batchRemoveUsingDELETE_1
17:25:48.854 --- [main] INFO  s.d.s.w.r.o.CachingOperationNameGenerator - [startingWith,40] - Generating unique operation named: doAssignUsingPOST_1
17:25:48.866 --- [main] INFO  s.d.s.w.r.o.CachingOperationNameGenerator - [startingWith,40] - Generating unique operation named: indexUsingGET_1
17:25:48.870 --- [main] INFO  s.d.s.w.r.o.CachingOperationNameGenerator - [startingWith,40] - Generating unique operation named: removeUsingDELETE_2
17:25:48.870 --- [main] INFO  s.d.s.w.r.o.CachingOperationNameGenerator - [startingWith,40] - Generating unique operation named: saveUsingPOST_2
17:25:48.870 --- [main] INFO  s.d.s.w.r.o.CachingOperationNameGenerator - [startingWith,40] - Generating unique operation named: toAssignUsingGET_1
17:25:48.870 --- [main] INFO  s.d.s.w.r.o.CachingOperationNameGenerator - [startingWith,40] - Generating unique operation named: updateByIdUsingPUT_2
17:25:48.902 --- [main] INFO  c.g.r.s.I.PermissionServiceImplTests - [logStarted,61] - Started PermissionServiceImplTests in 8.802 seconds (JVM running for 10.321)
17:25:50.869 --- [main] INFO  c.a.d.p.DruidDataSource - [init,1003] - {dataSource-1} inited
17:25:51.254 --- [SpringContextShutdownHook] INFO  o.s.s.c.ThreadPoolTaskExecutor - [shutdown,218] - Shutting down ExecutorService 'applicationTaskExecutor'
17:25:51.285 --- [SpringContextShutdownHook] INFO  c.a.d.p.DruidDataSource - [close,1948] - {dataSource-1} closing ...
17:25:51.285 --- [SpringContextShutdownHook] INFO  c.a.d.p.DruidDataSource - [close,2020] - {dataSource-1} closed
